2025-11-09 11:40:44,503 - INFO - π“ μ €μ¥ λ””λ ‰ν† λ¦¬: /home/dataiku/eric/Sparta/Smart-Farm-Growth-Analytics/models
2025-11-09 11:40:44,504 - INFO - β° νƒ€μ„μ¤νƒ¬ν”„: 20251109_114044
2025-11-09 11:40:44,505 - INFO - π® μ‚¬μ© κ°€λ¥ν• GPU: [0, 1, 2, 3]
2025-11-09 11:40:44,505 - INFO - π“ λ°μ΄ν„° λ΅λ”© μ¤‘...
2025-11-09 11:40:44,508 - INFO -   ν›λ ¨ λ°μ΄ν„°: (28406, 7)
2025-11-09 11:40:44,509 - INFO -   ν…μ¤νΈ λ°μ΄ν„°: (7550, 7)
2025-11-09 11:40:44,509 - INFO - π—„οΈ  λ°μ΄ν„°λ² μ΄μ¤: sqlite:////home/dataiku/eric/Sparta/Smart-Farm-Growth-Analytics/models/optuna_xgboost_20251109_114044.db
2025-11-09 11:40:44,510 - INFO - π“ Study μ΄λ¦„: xgboost_regression_20251109_114044
2025-11-09 11:40:44,886 - INFO - 
============================================================
2025-11-09 11:40:44,887 - INFO - π€ Optuna μµμ ν™” μ‹μ‘!
2025-11-09 11:40:44,887 - INFO -    λ©ν‘ Trials: 300
2025-11-09 11:40:44,887 - INFO -    λ©€ν‹° GPU: 4κ°
2025-11-09 11:40:44,888 - INFO - ============================================================

2025-11-09 11:40:44,909 - INFO - Trial 0: cuda:0 μ‚¬μ©
2025-11-09 11:40:46,564 - INFO - 
π’Ύ μ¤‘κ°„ μ €μ¥ (Trial 0)
2025-11-09 11:40:46,589 - INFO - Trial 1: cuda:1 μ‚¬μ©
2025-11-09 11:40:47,560 - INFO - Trial 2: cuda:2 μ‚¬μ©
2025-11-09 11:40:53,426 - INFO - Trial 3: cuda:3 μ‚¬μ©
2025-11-09 11:41:03,670 - INFO - Trial 4: cuda:0 μ‚¬μ©
2025-11-09 11:41:05,243 - INFO - Trial 5: cuda:1 μ‚¬μ©
2025-11-09 11:41:09,657 - INFO - Trial 6: cuda:2 μ‚¬μ©
2025-11-09 11:41:11,842 - INFO - Trial 7: cuda:3 μ‚¬μ©
2025-11-09 11:41:22,391 - INFO - Trial 8: cuda:0 μ‚¬μ©
2025-11-09 11:41:28,203 - INFO - Trial 9: cuda:1 μ‚¬μ©
2025-11-09 11:41:31,413 - INFO - Trial 10: cuda:2 μ‚¬μ©
2025-11-09 11:41:34,425 - INFO - 
π’Ύ μ¤‘κ°„ μ €μ¥ (Trial 10)
2025-11-09 11:41:34,449 - INFO - Trial 11: cuda:3 μ‚¬μ©
2025-11-09 11:41:37,871 - INFO - Trial 12: cuda:0 μ‚¬μ©
2025-11-09 11:41:42,810 - INFO - Trial 13: cuda:1 μ‚¬μ©
2025-11-09 11:41:49,371 - INFO - Trial 14: cuda:2 μ‚¬μ©
2025-11-09 11:41:56,527 - INFO - Trial 15: cuda:3 μ‚¬μ©
2025-11-09 11:42:17,263 - INFO - Trial 16: cuda:0 μ‚¬μ©
2025-11-09 11:42:18,365 - INFO - Trial 17: cuda:1 μ‚¬μ©
2025-11-09 11:42:26,505 - INFO - Trial 18: cuda:2 μ‚¬μ©
2025-11-09 11:42:28,452 - INFO - Trial 19: cuda:3 μ‚¬μ©
2025-11-09 11:42:30,011 - INFO - Trial 20: cuda:0 μ‚¬μ©
2025-11-09 11:42:32,491 - INFO - 
π’Ύ μ¤‘κ°„ μ €μ¥ (Trial 20)
2025-11-09 11:42:32,514 - INFO - Trial 21: cuda:1 μ‚¬μ©
2025-11-09 11:42:34,051 - INFO - Trial 22: cuda:2 μ‚¬μ©
2025-11-09 11:42:37,611 - INFO - Trial 23: cuda:3 μ‚¬μ©
2025-11-09 11:42:43,792 - INFO - Trial 24: cuda:0 μ‚¬μ©
2025-11-09 11:42:45,639 - INFO - Trial 25: cuda:1 μ‚¬μ©
2025-11-09 11:42:48,181 - INFO - Trial 26: cuda:2 μ‚¬μ©
2025-11-09 11:42:48,823 - INFO - Trial 27: cuda:3 μ‚¬μ©
2025-11-09 11:42:50,191 - INFO - Trial 28: cuda:0 μ‚¬μ©
2025-11-09 11:42:52,110 - INFO - Trial 29: cuda:1 μ‚¬μ©
2025-11-09 11:42:52,804 - INFO - Trial 30: cuda:2 μ‚¬μ©
2025-11-09 11:42:55,989 - INFO - 
π’Ύ μ¤‘κ°„ μ €μ¥ (Trial 30)
2025-11-09 11:42:56,015 - INFO - Trial 31: cuda:3 μ‚¬μ©
2025-11-09 11:42:59,280 - INFO - Trial 32: cuda:0 μ‚¬μ©
2025-11-09 11:43:01,157 - INFO - Trial 33: cuda:1 μ‚¬μ©
2025-11-09 11:43:03,305 - INFO - Trial 34: cuda:2 μ‚¬μ©
2025-11-09 11:43:06,140 - INFO - Trial 35: cuda:3 μ‚¬μ©
2025-11-09 11:43:07,817 - INFO - Trial 36: cuda:0 μ‚¬μ©
2025-11-09 11:43:11,227 - INFO - Trial 37: cuda:1 μ‚¬μ©
2025-11-09 11:43:12,154 - INFO - Trial 38: cuda:2 μ‚¬μ©
2025-11-09 11:43:13,564 - INFO - Trial 39: cuda:3 μ‚¬μ©
2025-11-09 11:43:17,728 - INFO - Trial 40: cuda:0 μ‚¬μ©
2025-11-09 11:43:21,011 - INFO - 
π’Ύ μ¤‘κ°„ μ €μ¥ (Trial 40)
2025-11-09 11:43:21,037 - INFO - Trial 41: cuda:1 μ‚¬μ©
2025-11-09 11:43:22,351 - INFO - Trial 42: cuda:2 μ‚¬μ©
2025-11-09 11:43:23,879 - INFO - Trial 43: cuda:3 μ‚¬μ©
2025-11-09 11:43:25,438 - INFO - Trial 44: cuda:0 μ‚¬μ©
2025-11-09 11:43:26,395 - INFO - Trial 45: cuda:1 μ‚¬μ©
2025-11-09 11:43:29,291 - INFO - Trial 46: cuda:2 μ‚¬μ©
2025-11-09 11:43:31,923 - INFO - Trial 47: cuda:3 μ‚¬μ©
2025-11-09 11:43:34,756 - INFO - Trial 48: cuda:0 μ‚¬μ©
2025-11-09 11:43:36,001 - INFO - Trial 49: cuda:1 μ‚¬μ©
2025-11-09 11:43:38,603 - INFO - Trial 50: cuda:2 μ‚¬μ©
2025-11-09 11:43:39,593 - INFO - 
π’Ύ μ¤‘κ°„ μ €μ¥ (Trial 50)
2025-11-09 11:43:39,619 - INFO - Trial 51: cuda:3 μ‚¬μ©
2025-11-09 11:43:41,344 - INFO - Trial 52: cuda:0 μ‚¬μ©
2025-11-09 11:43:44,027 - INFO - Trial 53: cuda:1 μ‚¬μ©
2025-11-09 11:43:48,218 - INFO - Trial 54: cuda:2 μ‚¬μ©
2025-11-09 11:43:50,478 - INFO - Trial 55: cuda:3 μ‚¬μ©
2025-11-09 11:43:52,774 - INFO - Trial 56: cuda:0 μ‚¬μ©
2025-11-09 11:43:55,227 - INFO - Trial 57: cuda:1 μ‚¬μ©
2025-11-09 11:43:56,468 - INFO - Trial 58: cuda:2 μ‚¬μ©
2025-11-09 11:44:01,783 - INFO - Trial 59: cuda:3 μ‚¬μ©
2025-11-09 11:44:06,086 - INFO - Trial 60: cuda:0 μ‚¬μ©
2025-11-09 11:44:07,190 - INFO - 
π’Ύ μ¤‘κ°„ μ €μ¥ (Trial 60)
2025-11-09 11:44:07,216 - INFO - Trial 61: cuda:1 μ‚¬μ©
2025-11-09 11:44:09,889 - INFO - Trial 62: cuda:2 μ‚¬μ©
2025-11-09 11:44:12,237 - INFO - Trial 63: cuda:3 μ‚¬μ©
2025-11-09 11:44:15,472 - INFO - Trial 64: cuda:0 μ‚¬μ©
2025-11-09 11:44:17,593 - INFO - Trial 65: cuda:1 μ‚¬μ©
2025-11-09 11:44:20,511 - INFO - Trial 66: cuda:2 μ‚¬μ©
2025-11-09 11:44:22,229 - INFO - Trial 67: cuda:3 μ‚¬μ©
2025-11-09 11:44:24,097 - INFO - Trial 68: cuda:0 μ‚¬μ©
2025-11-09 11:44:29,486 - INFO - Trial 69: cuda:1 μ‚¬μ©
2025-11-09 11:44:33,452 - INFO - Trial 70: cuda:2 μ‚¬μ©
2025-11-09 11:44:36,311 - INFO - 
π’Ύ μ¤‘κ°„ μ €μ¥ (Trial 70)
2025-11-09 11:44:36,338 - INFO - Trial 71: cuda:3 μ‚¬μ©
2025-11-09 11:44:39,422 - INFO - Trial 72: cuda:0 μ‚¬μ©
2025-11-09 11:44:45,481 - INFO - Trial 73: cuda:1 μ‚¬μ©
2025-11-09 11:44:48,123 - INFO - Trial 74: cuda:2 μ‚¬μ©
2025-11-09 11:44:51,057 - INFO - Trial 75: cuda:3 μ‚¬μ©
2025-11-09 11:44:52,503 - INFO - Trial 76: cuda:0 μ‚¬μ©
2025-11-09 11:44:54,528 - INFO - Trial 77: cuda:1 μ‚¬μ©
2025-11-09 11:44:56,522 - INFO - Trial 78: cuda:2 μ‚¬μ©
2025-11-09 11:45:01,838 - INFO - Trial 79: cuda:3 μ‚¬μ©
2025-11-09 11:45:07,295 - INFO - Trial 80: cuda:0 μ‚¬μ©
2025-11-09 11:45:11,360 - INFO - 
π’Ύ μ¤‘κ°„ μ €μ¥ (Trial 80)
2025-11-09 11:45:11,390 - INFO - Trial 81: cuda:1 μ‚¬μ©
2025-11-09 11:45:20,158 - INFO - Trial 82: cuda:2 μ‚¬μ©
2025-11-09 11:45:21,928 - INFO - Trial 83: cuda:3 μ‚¬μ©
2025-11-09 11:45:28,529 - INFO - Trial 84: cuda:0 μ‚¬μ©
2025-11-09 11:45:38,355 - INFO - Trial 85: cuda:1 μ‚¬μ©
2025-11-09 11:45:42,534 - INFO - Trial 86: cuda:2 μ‚¬μ©
2025-11-09 11:45:47,071 - INFO - Trial 87: cuda:3 μ‚¬μ©
2025-11-09 11:45:52,099 - INFO - Trial 88: cuda:0 μ‚¬μ©
2025-11-09 11:45:54,421 - INFO - Trial 89: cuda:1 μ‚¬μ©
2025-11-09 11:46:02,167 - INFO - Trial 90: cuda:2 μ‚¬μ©
2025-11-09 11:46:11,355 - INFO - 
π’Ύ μ¤‘κ°„ μ €μ¥ (Trial 90)
2025-11-09 11:46:11,382 - INFO - Trial 91: cuda:3 μ‚¬μ©
2025-11-09 11:46:19,737 - INFO - Trial 92: cuda:0 μ‚¬μ©
2025-11-09 11:46:26,979 - INFO - Trial 93: cuda:1 μ‚¬μ©
2025-11-09 11:46:34,386 - INFO - Trial 94: cuda:2 μ‚¬μ©
2025-11-09 11:46:42,902 - INFO - Trial 95: cuda:3 μ‚¬μ©
2025-11-09 11:46:46,710 - INFO - Trial 96: cuda:0 μ‚¬μ©
2025-11-09 11:46:55,407 - INFO - Trial 97: cuda:1 μ‚¬μ©
2025-11-09 11:47:04,074 - INFO - Trial 98: cuda:2 μ‚¬μ©
2025-11-09 11:47:11,933 - INFO - Trial 99: cuda:3 μ‚¬μ©
2025-11-09 11:47:19,244 - INFO - Trial 100: cuda:0 μ‚¬μ©
2025-11-09 11:47:26,730 - INFO - 
π’Ύ μ¤‘κ°„ μ €μ¥ (Trial 100)
2025-11-09 11:47:26,758 - INFO - Trial 101: cuda:1 μ‚¬μ©
2025-11-09 11:47:39,150 - INFO - Trial 102: cuda:2 μ‚¬μ©
2025-11-09 11:47:50,465 - INFO - Trial 103: cuda:3 μ‚¬μ©
2025-11-09 11:48:01,001 - INFO - Trial 104: cuda:0 μ‚¬μ©
2025-11-09 11:48:09,003 - INFO - Trial 105: cuda:1 μ‚¬μ©
2025-11-09 11:48:16,203 - INFO - Trial 106: cuda:2 μ‚¬μ©
2025-11-09 11:48:21,574 - INFO - Trial 107: cuda:3 μ‚¬μ©
2025-11-09 11:48:28,915 - INFO - Trial 108: cuda:0 μ‚¬μ©
2025-11-09 11:48:32,418 - INFO - Trial 109: cuda:1 μ‚¬μ©
2025-11-09 11:48:42,820 - INFO - Trial 110: cuda:2 μ‚¬μ©
2025-11-09 11:48:53,344 - INFO - 
π’Ύ μ¤‘κ°„ μ €μ¥ (Trial 110)
2025-11-09 11:48:53,373 - INFO - Trial 111: cuda:3 μ‚¬μ©
2025-11-09 11:48:59,483 - INFO - Trial 112: cuda:0 μ‚¬μ©
2025-11-09 11:49:03,224 - INFO - Trial 113: cuda:1 μ‚¬μ©
2025-11-09 11:49:08,604 - INFO - Trial 114: cuda:2 μ‚¬μ©
2025-11-09 11:49:13,248 - INFO - Trial 115: cuda:3 μ‚¬μ©
2025-11-09 11:49:18,907 - INFO - Trial 116: cuda:0 μ‚¬μ©
2025-11-09 11:49:22,385 - INFO - Trial 117: cuda:1 μ‚¬μ©
2025-11-09 11:49:28,674 - INFO - Trial 118: cuda:2 μ‚¬μ©
2025-11-09 11:49:31,667 - INFO - Trial 119: cuda:3 μ‚¬μ©
2025-11-09 11:49:39,698 - INFO - Trial 120: cuda:0 μ‚¬μ©
2025-11-09 11:49:43,409 - INFO - 
π’Ύ μ¤‘κ°„ μ €μ¥ (Trial 120)
2025-11-09 11:49:43,438 - INFO - Trial 121: cuda:1 μ‚¬μ©
2025-11-09 11:49:49,896 - INFO - Trial 122: cuda:2 μ‚¬μ©
2025-11-09 11:49:56,260 - INFO - Trial 123: cuda:3 μ‚¬μ©
2025-11-09 11:50:01,097 - INFO - Trial 124: cuda:0 μ‚¬μ©
2025-11-09 11:50:07,311 - INFO - Trial 125: cuda:1 μ‚¬μ©
2025-11-09 11:50:16,836 - INFO - Trial 126: cuda:2 μ‚¬μ©
2025-11-09 11:50:22,568 - INFO - Trial 127: cuda:3 μ‚¬μ©
2025-11-09 11:50:30,806 - INFO - Trial 128: cuda:0 μ‚¬μ©
2025-11-09 11:50:36,240 - INFO - Trial 129: cuda:1 μ‚¬μ©
2025-11-09 11:50:37,368 - INFO - Trial 130: cuda:2 μ‚¬μ©
2025-11-09 11:50:44,030 - INFO - 
π’Ύ μ¤‘κ°„ μ €μ¥ (Trial 130)
2025-11-09 11:50:44,061 - INFO - Trial 131: cuda:3 μ‚¬μ©
2025-11-09 11:50:50,501 - INFO - Trial 132: cuda:0 μ‚¬μ©
2025-11-09 11:51:01,833 - INFO - Trial 133: cuda:1 μ‚¬μ©
2025-11-09 11:51:04,960 - INFO - Trial 134: cuda:2 μ‚¬μ©
2025-11-09 11:51:06,929 - INFO - Trial 135: cuda:3 μ‚¬μ©
2025-11-09 11:51:11,037 - INFO - Trial 136: cuda:0 μ‚¬μ©
2025-11-09 11:51:15,346 - INFO - Trial 137: cuda:1 μ‚¬μ©
2025-11-09 11:51:23,261 - INFO - Trial 138: cuda:2 μ‚¬μ©
2025-11-09 11:51:30,232 - INFO - Trial 139: cuda:3 μ‚¬μ©
2025-11-09 11:51:40,501 - INFO - Trial 140: cuda:0 μ‚¬μ©
2025-11-09 11:51:47,917 - INFO - 
π’Ύ μ¤‘κ°„ μ €μ¥ (Trial 140)
2025-11-09 11:51:47,947 - INFO - Trial 141: cuda:1 μ‚¬μ©
2025-11-09 11:51:51,976 - INFO - Trial 142: cuda:2 μ‚¬μ©
2025-11-09 11:51:57,646 - INFO - Trial 143: cuda:3 μ‚¬μ©
2025-11-09 11:52:05,233 - INFO - Trial 144: cuda:0 μ‚¬μ©
2025-11-09 11:52:11,130 - INFO - Trial 145: cuda:1 μ‚¬μ©
2025-11-09 11:52:15,556 - INFO - Trial 146: cuda:2 μ‚¬μ©
2025-11-09 11:52:22,167 - INFO - Trial 147: cuda:3 μ‚¬μ©
2025-11-09 11:52:26,866 - INFO - Trial 148: cuda:0 μ‚¬μ©
2025-11-09 11:52:29,743 - INFO - Trial 149: cuda:1 μ‚¬μ©
2025-11-09 11:52:31,513 - INFO - Trial 150: cuda:2 μ‚¬μ©
2025-11-09 11:52:36,112 - INFO - 
π’Ύ μ¤‘κ°„ μ €μ¥ (Trial 150)
2025-11-09 11:52:36,144 - INFO - Trial 151: cuda:3 μ‚¬μ©
2025-11-09 11:52:40,428 - INFO - Trial 152: cuda:0 μ‚¬μ©
2025-11-09 11:52:45,105 - INFO - Trial 153: cuda:1 μ‚¬μ©
2025-11-09 11:52:48,721 - INFO - Trial 154: cuda:2 μ‚¬μ©
2025-11-09 11:52:51,516 - INFO - Trial 155: cuda:3 μ‚¬μ©
2025-11-09 11:52:55,370 - INFO - Trial 156: cuda:0 μ‚¬μ©
2025-11-09 11:52:57,597 - INFO - Trial 157: cuda:1 μ‚¬μ©
2025-11-09 11:52:59,980 - INFO - Trial 158: cuda:2 μ‚¬μ©
2025-11-09 11:53:03,321 - INFO - Trial 159: cuda:3 μ‚¬μ©
2025-11-09 11:53:10,959 - INFO - Trial 160: cuda:0 μ‚¬μ©
2025-11-09 11:53:12,385 - INFO - 
π’Ύ μ¤‘κ°„ μ €μ¥ (Trial 160)
2025-11-09 11:53:12,418 - INFO - Trial 161: cuda:1 μ‚¬μ©
2025-11-09 11:53:14,592 - INFO - Trial 162: cuda:2 μ‚¬μ©
2025-11-09 11:53:16,491 - INFO - Trial 163: cuda:3 μ‚¬μ©
2025-11-09 11:53:20,212 - INFO - Trial 164: cuda:0 μ‚¬μ©
2025-11-09 11:53:24,858 - INFO - Trial 165: cuda:1 μ‚¬μ©
2025-11-09 11:53:35,341 - INFO - Trial 166: cuda:2 μ‚¬μ©
2025-11-09 11:53:38,265 - INFO - Trial 167: cuda:3 μ‚¬μ©
2025-11-09 11:53:41,381 - INFO - Trial 168: cuda:0 μ‚¬μ©
2025-11-09 11:53:47,585 - INFO - Trial 169: cuda:1 μ‚¬μ©
2025-11-09 11:53:48,826 - INFO - Trial 170: cuda:2 μ‚¬μ©
2025-11-09 11:53:53,812 - INFO - 
π’Ύ μ¤‘κ°„ μ €μ¥ (Trial 170)
2025-11-09 11:53:53,845 - INFO - Trial 171: cuda:3 μ‚¬μ©
2025-11-09 11:53:59,641 - INFO - Trial 172: cuda:0 μ‚¬μ©
2025-11-09 11:54:03,645 - INFO - Trial 173: cuda:1 μ‚¬μ©
2025-11-09 11:54:08,049 - INFO - Trial 174: cuda:2 μ‚¬μ©
2025-11-09 11:54:13,786 - INFO - Trial 175: cuda:3 μ‚¬μ©
2025-11-09 11:54:17,089 - INFO - Trial 176: cuda:0 μ‚¬μ©
2025-11-09 11:54:21,588 - INFO - Trial 177: cuda:1 μ‚¬μ©
2025-11-09 11:54:26,995 - INFO - Trial 178: cuda:2 μ‚¬μ©
2025-11-09 11:54:34,101 - INFO - Trial 179: cuda:3 μ‚¬μ©
2025-11-09 11:54:38,379 - INFO - Trial 180: cuda:0 μ‚¬μ©
2025-11-09 11:54:40,598 - INFO - 
π’Ύ μ¤‘κ°„ μ €μ¥ (Trial 180)
2025-11-09 11:54:40,632 - INFO - Trial 181: cuda:1 μ‚¬μ©
2025-11-09 11:54:49,296 - INFO - Trial 182: cuda:2 μ‚¬μ©
2025-11-09 11:55:00,072 - INFO - Trial 183: cuda:3 μ‚¬μ©
2025-11-09 11:55:12,503 - INFO - Trial 184: cuda:0 μ‚¬μ©
2025-11-09 11:55:18,465 - INFO - Trial 185: cuda:1 μ‚¬μ©
2025-11-09 11:55:30,407 - INFO - Trial 186: cuda:2 μ‚¬μ©
2025-11-09 11:55:38,599 - INFO - Trial 187: cuda:3 μ‚¬μ©
2025-11-09 11:55:48,738 - INFO - Trial 188: cuda:0 μ‚¬μ©
2025-11-09 11:55:56,304 - INFO - Trial 189: cuda:1 μ‚¬μ©
2025-11-09 11:56:03,012 - INFO - Trial 190: cuda:2 μ‚¬μ©
2025-11-09 11:56:18,481 - INFO - 
π’Ύ μ¤‘κ°„ μ €μ¥ (Trial 190)
2025-11-09 11:56:18,515 - INFO - Trial 191: cuda:3 μ‚¬μ©
2025-11-09 11:56:32,007 - INFO - Trial 192: cuda:0 μ‚¬μ©
2025-11-09 11:56:43,460 - INFO - Trial 193: cuda:1 μ‚¬μ©
2025-11-09 11:56:57,236 - INFO - Trial 194: cuda:2 μ‚¬μ©
2025-11-09 11:57:05,381 - INFO - Trial 195: cuda:3 μ‚¬μ©
2025-11-09 11:57:14,411 - INFO - Trial 196: cuda:0 μ‚¬μ©
2025-11-09 11:57:21,495 - INFO - Trial 197: cuda:1 μ‚¬μ©
2025-11-09 11:57:33,416 - INFO - Trial 198: cuda:2 μ‚¬μ©
2025-11-09 11:57:57,948 - INFO - Trial 199: cuda:3 μ‚¬μ©
2025-11-09 11:58:16,008 - INFO - Trial 200: cuda:0 μ‚¬μ©
2025-11-09 11:58:26,854 - INFO - 
π’Ύ μ¤‘κ°„ μ €μ¥ (Trial 200)
2025-11-09 11:58:26,888 - INFO - Trial 201: cuda:1 μ‚¬μ©
2025-11-09 11:58:33,257 - INFO - Trial 202: cuda:2 μ‚¬μ©
2025-11-09 11:58:35,967 - INFO - Trial 203: cuda:3 μ‚¬μ©
2025-11-09 11:58:40,245 - INFO - Trial 204: cuda:0 μ‚¬μ©
2025-11-09 11:58:40,960 - INFO - Trial 205: cuda:1 μ‚¬μ©
2025-11-09 11:58:47,140 - INFO - Trial 206: cuda:2 μ‚¬μ©
2025-11-09 11:58:53,838 - INFO - Trial 207: cuda:3 μ‚¬μ©
2025-11-09 11:58:56,872 - INFO - Trial 208: cuda:0 μ‚¬μ©
2025-11-09 11:59:04,205 - INFO - Trial 209: cuda:1 μ‚¬μ©
2025-11-09 11:59:13,392 - INFO - Trial 210: cuda:2 μ‚¬μ©
2025-11-09 11:59:22,837 - INFO - 
π’Ύ μ¤‘κ°„ μ €μ¥ (Trial 210)
2025-11-09 11:59:22,873 - INFO - Trial 211: cuda:3 μ‚¬μ©
2025-11-09 11:59:30,294 - INFO - Trial 212: cuda:0 μ‚¬μ©
2025-11-09 11:59:38,005 - INFO - Trial 213: cuda:1 μ‚¬μ©
2025-11-09 11:59:43,377 - INFO - Trial 214: cuda:2 μ‚¬μ©
2025-11-09 11:59:51,943 - INFO - Trial 215: cuda:3 μ‚¬μ©
2025-11-09 12:00:01,048 - INFO - Trial 216: cuda:0 μ‚¬μ©
2025-11-09 12:00:08,106 - INFO - Trial 217: cuda:1 μ‚¬μ©
2025-11-09 12:00:13,448 - INFO - Trial 218: cuda:2 μ‚¬μ©
2025-11-09 12:00:22,486 - INFO - Trial 219: cuda:3 μ‚¬μ©
2025-11-09 12:00:31,966 - INFO - Trial 220: cuda:0 μ‚¬μ©
2025-11-09 12:00:41,319 - INFO - 
π’Ύ μ¤‘κ°„ μ €μ¥ (Trial 220)
2025-11-09 12:00:41,354 - INFO - Trial 221: cuda:1 μ‚¬μ©
2025-11-09 12:00:47,582 - INFO - Trial 222: cuda:2 μ‚¬μ©
2025-11-09 12:00:50,788 - INFO - Trial 223: cuda:3 μ‚¬μ©
2025-11-09 12:00:57,117 - INFO - Trial 224: cuda:0 μ‚¬μ©
2025-11-09 12:01:06,651 - INFO - Trial 225: cuda:1 μ‚¬μ©
2025-11-09 12:01:13,290 - INFO - Trial 226: cuda:2 μ‚¬μ©
2025-11-09 12:01:26,126 - INFO - Trial 227: cuda:3 μ‚¬μ©
2025-11-09 12:01:32,577 - INFO - Trial 228: cuda:0 μ‚¬μ©
2025-11-09 12:01:42,557 - INFO - Trial 229: cuda:1 μ‚¬μ©
2025-11-09 12:01:47,012 - INFO - Trial 230: cuda:2 μ‚¬μ©
2025-11-09 12:01:57,382 - INFO - 
π’Ύ μ¤‘κ°„ μ €μ¥ (Trial 230)
2025-11-09 12:01:57,418 - INFO - Trial 231: cuda:3 μ‚¬μ©
2025-11-09 12:02:01,324 - INFO - Trial 232: cuda:0 μ‚¬μ©
2025-11-09 12:02:07,540 - INFO - Trial 233: cuda:1 μ‚¬μ©
2025-11-09 12:02:17,220 - INFO - Trial 234: cuda:2 μ‚¬μ©
2025-11-09 12:02:22,124 - INFO - Trial 235: cuda:3 μ‚¬μ©
2025-11-09 12:02:29,893 - INFO - Trial 236: cuda:0 μ‚¬μ©
2025-11-09 12:02:41,884 - INFO - Trial 237: cuda:1 μ‚¬μ©
2025-11-09 12:02:51,353 - INFO - Trial 238: cuda:2 μ‚¬μ©
2025-11-09 12:03:00,302 - INFO - Trial 239: cuda:3 μ‚¬μ©
2025-11-09 12:03:09,380 - INFO - Trial 240: cuda:0 μ‚¬μ©
2025-11-09 12:03:16,595 - INFO - 
π’Ύ μ¤‘κ°„ μ €μ¥ (Trial 240)
2025-11-09 12:03:16,633 - INFO - Trial 241: cuda:1 μ‚¬μ©
2025-11-09 12:03:26,436 - INFO - Trial 242: cuda:2 μ‚¬μ©
2025-11-09 12:03:36,358 - INFO - Trial 243: cuda:3 μ‚¬μ©
2025-11-09 12:03:46,107 - INFO - Trial 244: cuda:0 μ‚¬μ©
2025-11-09 12:03:51,287 - INFO - Trial 245: cuda:1 μ‚¬μ©
2025-11-09 12:03:55,443 - INFO - Trial 246: cuda:2 μ‚¬μ©
2025-11-09 12:04:07,886 - INFO - Trial 247: cuda:3 μ‚¬μ©
2025-11-09 12:04:22,356 - INFO - Trial 248: cuda:0 μ‚¬μ©
2025-11-09 12:04:30,340 - INFO - Trial 249: cuda:1 μ‚¬μ©
2025-11-09 12:04:35,862 - INFO - Trial 250: cuda:2 μ‚¬μ©
2025-11-09 12:04:47,562 - INFO - 
π’Ύ μ¤‘κ°„ μ €μ¥ (Trial 250)
2025-11-09 12:04:47,673 - INFO - Trial 251: cuda:3 μ‚¬μ©
2025-11-09 12:05:01,185 - INFO - Trial 252: cuda:0 μ‚¬μ©
2025-11-09 12:05:11,441 - INFO - Trial 253: cuda:1 μ‚¬μ©
2025-11-09 12:05:23,367 - INFO - Trial 254: cuda:2 μ‚¬μ©
2025-11-09 12:05:33,219 - INFO - Trial 255: cuda:3 μ‚¬μ©
2025-11-09 12:05:42,417 - INFO - Trial 256: cuda:0 μ‚¬μ©
2025-11-09 12:05:48,862 - INFO - Trial 257: cuda:1 μ‚¬μ©
2025-11-09 12:05:59,915 - INFO - Trial 258: cuda:2 μ‚¬μ©
2025-11-09 12:06:11,735 - INFO - Trial 259: cuda:3 μ‚¬μ©
2025-11-09 12:06:17,302 - INFO - Trial 260: cuda:0 μ‚¬μ©
2025-11-09 12:06:25,017 - INFO - 
π’Ύ μ¤‘κ°„ μ €μ¥ (Trial 260)
2025-11-09 12:06:25,056 - INFO - Trial 261: cuda:1 μ‚¬μ©
2025-11-09 12:06:33,135 - INFO - Trial 262: cuda:2 μ‚¬μ©
2025-11-09 12:06:44,901 - INFO - Trial 263: cuda:3 μ‚¬μ©
2025-11-09 12:06:57,341 - INFO - Trial 264: cuda:0 μ‚¬μ©
2025-11-09 12:07:07,286 - INFO - Trial 265: cuda:1 μ‚¬μ©
2025-11-09 12:07:16,603 - INFO - Trial 266: cuda:2 μ‚¬μ©
2025-11-09 12:07:18,753 - INFO - Trial 267: cuda:3 μ‚¬μ©
2025-11-09 12:07:25,037 - INFO - Trial 268: cuda:0 μ‚¬μ©
2025-11-09 12:07:35,962 - INFO - Trial 269: cuda:1 μ‚¬μ©
2025-11-09 12:07:44,652 - INFO - Trial 270: cuda:2 μ‚¬μ©
2025-11-09 12:07:53,385 - INFO - 
π’Ύ μ¤‘κ°„ μ €μ¥ (Trial 270)
2025-11-09 12:07:53,424 - INFO - Trial 271: cuda:3 μ‚¬μ©
2025-11-09 12:08:13,045 - INFO - Trial 272: cuda:0 μ‚¬μ©
2025-11-09 12:08:24,053 - INFO - Trial 273: cuda:1 μ‚¬μ©
2025-11-09 12:08:39,155 - INFO - Trial 274: cuda:2 μ‚¬μ©
2025-11-09 12:08:50,596 - INFO - Trial 275: cuda:3 μ‚¬μ©
2025-11-09 12:09:02,706 - INFO - Trial 276: cuda:0 μ‚¬μ©
2025-11-09 12:09:12,689 - INFO - Trial 277: cuda:1 μ‚¬μ©
2025-11-09 12:09:30,459 - INFO - Trial 278: cuda:2 μ‚¬μ©
2025-11-09 12:09:39,751 - INFO - Trial 279: cuda:3 μ‚¬μ©
2025-11-09 12:09:48,978 - INFO - Trial 280: cuda:0 μ‚¬μ©
2025-11-09 12:09:56,948 - INFO - 
π’Ύ μ¤‘κ°„ μ €μ¥ (Trial 280)
2025-11-09 12:09:56,988 - INFO - Trial 281: cuda:1 μ‚¬μ©
2025-11-09 12:10:07,809 - INFO - Trial 282: cuda:2 μ‚¬μ©
2025-11-09 12:10:15,874 - INFO - Trial 283: cuda:3 μ‚¬μ©
2025-11-09 12:10:25,186 - INFO - Trial 284: cuda:0 μ‚¬μ©
2025-11-09 12:10:40,300 - INFO - Trial 285: cuda:1 μ‚¬μ©
2025-11-09 12:10:47,439 - INFO - Trial 286: cuda:2 μ‚¬μ©
2025-11-09 12:11:00,582 - INFO - Trial 287: cuda:3 μ‚¬μ©
2025-11-09 12:11:11,183 - INFO - Trial 288: cuda:0 μ‚¬μ©
2025-11-09 12:11:17,535 - INFO - Trial 289: cuda:1 μ‚¬μ©
2025-11-09 12:11:23,539 - INFO - Trial 290: cuda:2 μ‚¬μ©
2025-11-09 12:11:31,460 - INFO - 
π’Ύ μ¤‘κ°„ μ €μ¥ (Trial 290)
2025-11-09 12:11:31,501 - INFO - Trial 291: cuda:3 μ‚¬μ©
2025-11-09 12:11:36,132 - INFO - Trial 292: cuda:0 μ‚¬μ©
2025-11-09 12:11:46,861 - INFO - Trial 293: cuda:1 μ‚¬μ©
2025-11-09 12:11:51,912 - INFO - Trial 294: cuda:2 μ‚¬μ©
2025-11-09 12:11:56,970 - INFO - Trial 295: cuda:3 μ‚¬μ©
2025-11-09 12:12:05,447 - INFO - Trial 296: cuda:0 μ‚¬μ©
2025-11-09 12:12:18,970 - INFO - Trial 297: cuda:1 μ‚¬μ©
2025-11-09 12:12:30,099 - INFO - Trial 298: cuda:2 μ‚¬μ©
2025-11-09 12:12:39,707 - INFO - Trial 299: cuda:3 μ‚¬μ©
2025-11-09 12:12:42,359 - INFO - 
============================================================
2025-11-09 12:12:42,360 - INFO - β… μµμ ν™” μ™„λ£!
2025-11-09 12:12:42,360 - INFO - ============================================================
2025-11-09 12:12:42,360 - INFO - 
π“ νƒμƒ‰ ν†µκ³„:
2025-11-09 12:12:42,381 - INFO -   μ΄ μ‹λ„: 300
2025-11-09 12:12:42,399 - INFO -   μ™„λ£: 300
2025-11-09 12:12:42,416 - INFO -   κ°€μ§€μΉκΈ°: 0
2025-11-09 12:12:42,434 - INFO -   μ‹¤ν¨: 0
2025-11-09 12:12:42,434 - INFO - 
π† μµμ  νλΌλ―Έν„°:
2025-11-09 12:12:42,437 - INFO -   max_depth           : 12
2025-11-09 12:12:42,437 - INFO -   min_child_weight    : 1
2025-11-09 12:12:42,437 - INFO -   gamma               : 1.548336328215886
2025-11-09 12:12:42,438 - INFO -   learning_rate       : 0.009963035588947693
2025-11-09 12:12:42,438 - INFO -   n_estimators        : 800
2025-11-09 12:12:42,438 - INFO -   subsample           : 0.5563797184135945
2025-11-09 12:12:42,438 - INFO -   colsample_bytree    : 0.5061795009134958
2025-11-09 12:12:42,439 - INFO -   colsample_bylevel   : 0.6077117538016766
2025-11-09 12:12:42,439 - INFO -   reg_alpha           : 9.886832444926703e-07
2025-11-09 12:12:42,439 - INFO -   reg_lambda          : 1.787649937755014e-07
2025-11-09 12:12:42,441 - INFO - 
π― μµμ  CV MSE: 2012.840651
2025-11-09 12:12:42,467 - INFO - 
π’Ύ μ €μ¥: best_params_20251109_114044.json
2025-11-09 12:12:42,478 - INFO - π’Ύ μ €μ¥: all_trials_20251109_114044.csv
2025-11-09 12:12:42,478 - INFO - 
============================================================
2025-11-09 12:12:42,479 - INFO - π”§ μµμΆ… λ¨λΈ ν•™μµ μ¤‘...
2025-11-09 12:12:42,479 - INFO - ============================================================
2025-11-09 12:17:19,645 - INFO - 
============================================================
2025-11-09 12:17:19,646 - INFO - β… μµμ ν™” μ™„λ£!
2025-11-09 12:17:19,647 - INFO - ============================================================
2025-11-09 12:17:19,647 - INFO - 
π“ νƒμƒ‰ ν†µκ³„:
2025-11-09 12:17:19,669 - INFO -   μ΄ μ‹λ„: 300
2025-11-09 12:17:19,690 - INFO -   μ™„λ£: 300
2025-11-09 12:17:19,711 - INFO -   κ°€μ§€μΉκΈ°: 0
2025-11-09 12:17:19,731 - INFO -   μ‹¤ν¨: 0
2025-11-09 12:17:19,732 - INFO - 
π† μµμ  νλΌλ―Έν„°:
2025-11-09 12:17:19,735 - INFO -   max_depth           : 12
2025-11-09 12:17:19,735 - INFO -   min_child_weight    : 1
2025-11-09 12:17:19,735 - INFO -   gamma               : 1.548336328215886
2025-11-09 12:17:19,735 - INFO -   learning_rate       : 0.009963035588947693
2025-11-09 12:17:19,735 - INFO -   n_estimators        : 800
2025-11-09 12:17:19,736 - INFO -   subsample           : 0.5563797184135945
2025-11-09 12:17:19,736 - INFO -   colsample_bytree    : 0.5061795009134958
2025-11-09 12:17:19,736 - INFO -   colsample_bylevel   : 0.6077117538016766
2025-11-09 12:17:19,736 - INFO -   reg_alpha           : 9.886832444926703e-07
2025-11-09 12:17:19,736 - INFO -   reg_lambda          : 1.787649937755014e-07
2025-11-09 12:17:19,739 - INFO - 
π― μµμ  CV MSE: 2012.840651
2025-11-09 12:17:19,768 - INFO - 
π’Ύ μ €μ¥: best_params_20251109_114044.json
2025-11-09 12:17:19,781 - INFO - π’Ύ μ €μ¥: all_trials_20251109_114044.csv
2025-11-09 12:17:19,781 - INFO - 
============================================================
2025-11-09 12:17:19,782 - INFO - π”§ μµμΆ… λ¨λΈ ν•™μµ μ¤‘...
2025-11-09 12:17:19,782 - INFO - ============================================================
2025-11-09 13:11:57,010 - INFO - 
============================================================
2025-11-09 13:11:57,010 - INFO - β… μµμ ν™” μ™„λ£!
2025-11-09 13:11:57,010 - INFO - ============================================================
2025-11-09 13:11:57,011 - INFO - 
π“ νƒμƒ‰ ν†µκ³„:
2025-11-09 13:11:57,033 - INFO -   μ΄ μ‹λ„: 300
2025-11-09 13:11:57,054 - INFO -   μ™„λ£: 300
2025-11-09 13:11:57,074 - INFO -   κ°€μ§€μΉκΈ°: 0
2025-11-09 13:11:57,094 - INFO -   μ‹¤ν¨: 0
2025-11-09 13:11:57,094 - INFO - 
π† μµμ  νλΌλ―Έν„°:
2025-11-09 13:11:57,098 - INFO -   max_depth           : 12
2025-11-09 13:11:57,098 - INFO -   min_child_weight    : 1
2025-11-09 13:11:57,098 - INFO -   gamma               : 1.548336328215886
2025-11-09 13:11:57,098 - INFO -   learning_rate       : 0.009963035588947693
2025-11-09 13:11:57,099 - INFO -   n_estimators        : 800
2025-11-09 13:11:57,099 - INFO -   subsample           : 0.5563797184135945
2025-11-09 13:11:57,099 - INFO -   colsample_bytree    : 0.5061795009134958
2025-11-09 13:11:57,099 - INFO -   colsample_bylevel   : 0.6077117538016766
2025-11-09 13:11:57,100 - INFO -   reg_alpha           : 9.886832444926703e-07
2025-11-09 13:11:57,100 - INFO -   reg_lambda          : 1.787649937755014e-07
2025-11-09 13:11:57,103 - INFO - 
π― μµμ  CV MSE: 2012.840651
2025-11-09 13:11:57,132 - INFO - 
π’Ύ μ €μ¥: best_params_20251109_114044.json
2025-11-09 13:11:57,144 - INFO - π’Ύ μ €μ¥: all_trials_20251109_114044.csv
2025-11-09 13:11:57,144 - INFO - 
============================================================
2025-11-09 13:11:57,145 - INFO - π”§ μµμΆ… λ¨λΈ ν•™μµ μ¤‘...
2025-11-09 13:11:57,145 - INFO - ============================================================
2025-11-09 13:11:58,918 - INFO - 
============================================================
2025-11-09 13:11:58,918 - INFO - π“ ν…μ¤νΈ μ„ΈνΈ ν‰κ°€
2025-11-09 13:11:58,918 - INFO - ============================================================
2025-11-09 13:11:58,946 - INFO - 
π“ ν›λ ¨ μ„ΈνΈ:
2025-11-09 13:11:58,946 - INFO -   MSE  : 1575.049907
2025-11-09 13:11:58,946 - INFO -   RMSE : 39.686898
2025-11-09 13:11:58,947 - INFO -   MAE  : 28.672375
2025-11-09 13:11:58,947 - INFO -   RΒ²   : 0.367471
2025-11-09 13:11:58,947 - INFO - 
π― ν…μ¤νΈ μ„ΈνΈ:
2025-11-09 13:11:58,948 - INFO -   MSE  : 2155.039432
2025-11-09 13:11:58,948 - INFO -   RMSE : 46.422402
2025-11-09 13:11:58,948 - INFO -   MAE  : 33.017053
2025-11-09 13:11:58,948 - INFO -   RΒ²   : 0.203722
2025-11-09 13:11:58,949 - INFO - 
β οΈ  κ³Όμ ν•© μ§€ν‘: -36.82%
2025-11-09 13:11:58,949 - WARNING -   β†’ κ³Όμ†μ ν•© μμ‹¬! λ¨λΈ λ³µμ΅λ„ μ¦κ°€ κ³ λ ¤
2025-11-09 13:11:58,975 - INFO - 
π’Ύ μ €μ¥: test_results_20251109_114044.json
2025-11-09 13:11:58,997 - INFO - π’Ύ μ €μ¥: test_predictions_20251109_114044.csv
2025-11-09 13:11:59,010 - INFO - π’Ύ μ €μ¥: feature_importance_20251109_114044.csv
2025-11-09 13:11:59,010 - INFO - 
π” Top 10 μ¤‘μ” Features:
2025-11-09 13:11:59,011 - INFO -   λ†ν›„μ‚¬λ£κΈ‰μ—¬λ‰(μ—°κ³„)         : 0.4205
2025-11-09 13:11:59,011 - INFO -   κ³„μ                   : 0.1184
2025-11-09 13:11:59,011 - INFO -   μ „μ‚°μ°¨κ±΄μ μ „μ λ‰            : 0.1161
2025-11-09 13:11:59,011 - INFO -   κ³µνƒμΌμ                : 0.1110
2025-11-09 13:11:59,012 - INFO -   λ¶„λ§κ°„κ²©                : 0.0970
2025-11-09 13:11:59,012 - INFO -   λ†μ¥κµ¬λ¶„                : 0.0712
2025-11-09 13:11:59,012 - INFO -   μ‚°μ°¨                  : 0.0658
2025-11-09 13:11:59,027 - INFO - 
π’Ύ μ €μ¥: xgboost_final_model_20251109_114044.pkl
2025-11-09 13:11:59,027 - INFO - 
============================================================
2025-11-09 13:11:59,028 - INFO - π“ μ‹κ°ν™” μƒμ„± μ¤‘...
2025-11-09 13:11:59,028 - INFO - ============================================================
2025-11-09 13:11:59,221 - INFO - β… optuna_optimization_history_20251109_114044.html
2025-11-09 13:12:01,276 - INFO - β… optuna_param_importances_20251109_114044.html
2025-11-09 13:12:01,305 - INFO - β… optuna_contour_20251109_114044.html
2025-11-09 13:12:01,328 - INFO - β… optuna_parallel_coordinate_20251109_114044.html
2025-11-09 13:12:01,399 - INFO - β… optuna_slice_20251109_114044.html
2025-11-09 13:12:01,439 - INFO - 
π’Ύ μ €μ¥: final_report_20251109_114044.txt
2025-11-09 13:12:01,439 - INFO - 
============================================================
XGBoost + Optuna μµμ ν™” μµμΆ… λ¦¬ν¬νΈ
============================================================

π“… μ‹¤ν–‰ μ‹κ°„: 20251109_114044
π“ μ €μ¥ μ„μΉ: /home/dataiku/eric/Sparta/Smart-Farm-Growth-Analytics/models

π® GPU μ„¤μ •:
  - μ‚¬μ© GPU: [0, 1, 2, 3]
  - GPU κ°μ: 4

π” μµμ ν™” μ„¤μ •:
  - Study μ΄λ¦„: xgboost_regression_20251109_114044
  - μ΄ Trials: 300
  - μ™„λ£λ Trials: 300

π† μµμ  νλΌλ―Έν„°:
{
  "max_depth": 12,
  "min_child_weight": 1,
  "gamma": 1.548336328215886,
  "learning_rate": 0.009963035588947693,
  "n_estimators": 800,
  "subsample": 0.5563797184135945,
  "colsample_bytree": 0.5061795009134958,
  "colsample_bylevel": 0.6077117538016766,
  "reg_alpha": 9.886832444926703e-07,
  "reg_lambda": 1.787649937755014e-07
}

π“ μ„±λ¥ μ§€ν‘:
  
  ν›λ ¨ μ„ΈνΈ:
    - MSE  : 1575.049907
    - RMSE : 39.686898
    - MAE  : 28.672375
    - RΒ²   : 0.367471
  
  ν…μ¤νΈ μ„ΈνΈ:
    - MSE  : 2155.039432
    - RMSE : 46.422402
    - MAE  : 33.017053
    - RΒ²   : 0.203722
  
  κ³Όμ ν•© λΉ„μ¨: -36.82%

π’Ύ μ €μ¥λ νμΌ:
  - best_params_20251109_114044.json
  - test_results_20251109_114044.json
  - all_trials_20251109_114044.csv
  - test_predictions_20251109_114044.csv
  - feature_importance_20251109_114044.csv
  - xgboost_final_model_20251109_114044.pkl
  - /home/dataiku/eric/Sparta/Smart-Farm-Growth-Analytics/models/optuna_xgboost_20251109_114044.db
  - optuna_xgboost_20251109_114044.log
  - optuna_optimization_history_20251109_114044.html
  - optuna_param_importances_20251109_114044.html
  - optuna_contour_20251109_114044.html
  - optuna_parallel_coordinate_20251109_114044.html
  - optuna_slice_20251109_114044.html

============================================================

2025-11-09 13:12:01,439 - INFO - 
============================================================
2025-11-09 13:12:01,440 - INFO - π‰ λ¨λ“  μ‘μ—… μ™„λ£!
2025-11-09 13:12:01,440 - INFO - π“ λ¨λ“  νμΌμ΄ /home/dataiku/eric/Sparta/Smart-Farm-Growth-Analytics/models μ— μ €μ¥λμ—μµλ‹λ‹¤
2025-11-09 13:12:01,440 - INFO - ============================================================
2025-11-09 13:14:43,856 - INFO - π“ λ°μ΄ν„° λ΅λ”© μ¤‘...
2025-11-09 13:14:43,859 - INFO -   ν›λ ¨ λ°μ΄ν„°: (28406, 7)
2025-11-09 13:14:43,860 - INFO -   ν…μ¤νΈ λ°μ΄ν„°: (7550, 7)
2025-11-09 13:14:43,860 - INFO - 
π“ νƒ€κ² λ³€μ λ¶„ν¬ λ¶„μ„:
2025-11-09 13:14:43,860 - INFO -   ν›λ ¨ μ„ΈνΈ - ν‰κ· : 1040.6667, ν‘μ¤€νΈμ°¨: 49.9016
2025-11-09 13:14:43,861 - INFO -   ν…μ¤νΈ μ„ΈνΈ - ν‰κ· : 1039.3592, ν‘μ¤€νΈμ°¨: 52.0264
2025-11-09 13:14:43,861 - INFO -   ν‰κ·  λ³€ν™”μ¨: 0.13%
2025-11-09 13:15:01,629 - INFO - π“ λ°μ΄ν„° λ΅λ”© μ¤‘...
2025-11-09 13:15:01,632 - INFO -   ν›λ ¨ λ°μ΄ν„°: (16343, 7)
2025-11-09 13:15:01,633 - INFO -   ν…μ¤νΈ λ°μ΄ν„°: (19613, 7)
2025-11-09 13:15:01,633 - INFO - 
π“ νƒ€κ² λ³€μ λ¶„ν¬ λ¶„μ„:
2025-11-09 13:15:01,633 - INFO -   ν›λ ¨ μ„ΈνΈ - ν‰κ· : 1039.2408, ν‘μ¤€νΈμ°¨: 50.5920
2025-11-09 13:15:01,634 - INFO -   ν…μ¤νΈ μ„ΈνΈ - ν‰κ· : 1041.3515, ν‘μ¤€νΈμ°¨: 50.1420
2025-11-09 13:15:01,634 - INFO -   ν‰κ·  λ³€ν™”μ¨: 0.20%
2025-11-09 13:15:08,254 - INFO - π“ λ°μ΄ν„° λ΅λ”© μ¤‘...
2025-11-09 13:15:08,258 - INFO -   ν›λ ¨ λ°μ΄ν„°: (28406, 7)
2025-11-09 13:15:08,258 - INFO -   ν…μ¤νΈ λ°μ΄ν„°: (7550, 7)
2025-11-09 13:15:08,258 - INFO - 
π“ νƒ€κ² λ³€μ λ¶„ν¬ λ¶„μ„:
2025-11-09 13:15:08,259 - INFO -   ν›λ ¨ μ„ΈνΈ - ν‰κ· : 1040.6667, ν‘μ¤€νΈμ°¨: 49.9016
2025-11-09 13:15:08,259 - INFO -   ν…μ¤νΈ μ„ΈνΈ - ν‰κ· : 1039.3592, ν‘μ¤€νΈμ°¨: 52.0264
2025-11-09 13:15:08,260 - INFO -   ν‰κ·  λ³€ν™”μ¨: 0.13%
