2025-11-09 18:10:19,025 - INFO - π“ μ €μ¥ λ””λ ‰ν† λ¦¬: /home/dataiku/eric/Sparta/Smart-Farm-Growth-Analytics/models
2025-11-09 18:10:19,026 - INFO - β° νƒ€μ„μ¤νƒ¬ν”„: 20251109_181019
2025-11-09 18:10:19,026 - INFO - π“ λ°μ΄ν„° λ΅λ”© μ¤‘...
2025-11-09 18:10:19,031 - INFO -   ν›λ ¨ λ°μ΄ν„°: (28406, 7)
2025-11-09 18:10:19,032 - INFO -   ν…μ¤νΈ λ°μ΄ν„°: (7550, 7)
2025-11-09 18:10:19,032 - INFO - 
π“ νƒ€κ² λ³€μ λ¶„ν¬ λ¶„μ„:
2025-11-09 18:10:19,033 - INFO -   ν›λ ¨ μ„ΈνΈ - ν‰κ· : 1040.6667, ν‘μ¤€νΈμ°¨: 49.9016
2025-11-09 18:10:19,033 - INFO -   ν…μ¤νΈ μ„ΈνΈ - ν‰κ· : 1039.3592, ν‘μ¤€νΈμ°¨: 52.0264
2025-11-09 18:10:19,033 - INFO -   ν‰κ·  λ³€ν™”μ¨: 0.13%
2025-11-09 18:10:19,041 - INFO - π® μ‚¬μ© κ°€λ¥ν• GPU: [0, 1, 2, 3]
2025-11-09 18:10:19,041 - INFO - π“ λ°μ΄ν„° λ΅λ”© μ¤‘...
2025-11-09 18:10:19,046 - INFO -   ν›λ ¨ λ°μ΄ν„°: (28406, 7)
2025-11-09 18:10:19,046 - INFO -   ν…μ¤νΈ λ°μ΄ν„°: (7550, 7)
2025-11-09 18:10:19,047 - INFO - π—„οΈ  λ°μ΄ν„°λ² μ΄μ¤: sqlite:////home/dataiku/eric/Sparta/Smart-Farm-Growth-Analytics/models/optuna_xgboost_20251109_181019.db
2025-11-09 18:10:19,047 - INFO - π“ Study μ΄λ¦„: xgboost_regression_20251109_181019
2025-11-09 18:10:19,433 - INFO - 
============================================================
2025-11-09 18:10:19,433 - INFO - π€ Optuna μµμ ν™” μ‹μ‘!
2025-11-09 18:10:19,434 - INFO -    λ©ν‘ Trials: 300
2025-11-09 18:10:19,434 - INFO -    λ©€ν‹° GPU: 4κ°
2025-11-09 18:10:19,434 - INFO - ============================================================

2025-11-09 18:10:19,457 - INFO - Trial 0: cuda:0 μ‚¬μ©
2025-11-09 18:10:23,941 - INFO - 
π’Ύ μ¤‘κ°„ μ €μ¥ (Trial 0)
2025-11-09 18:10:23,964 - INFO - Trial 1: cuda:1 μ‚¬μ©
2025-11-09 18:10:26,573 - INFO - Trial 2: cuda:2 μ‚¬μ©
2025-11-09 18:10:47,174 - INFO - Trial 3: cuda:3 μ‚¬μ©
2025-11-09 18:11:22,510 - INFO - Trial 4: cuda:0 μ‚¬μ©
2025-11-09 18:11:26,383 - INFO - Trial 5: cuda:1 μ‚¬μ©
2025-11-09 18:11:51,685 - INFO - Trial 6: cuda:2 μ‚¬μ©
2025-11-09 18:11:57,824 - INFO - Trial 7: cuda:3 μ‚¬μ©
2025-11-09 18:12:36,337 - INFO - Trial 8: cuda:0 μ‚¬μ©
2025-11-09 18:12:54,843 - INFO - Trial 9: cuda:1 μ‚¬μ©
2025-11-09 18:13:03,048 - INFO - Trial 10: cuda:2 μ‚¬μ©
2025-11-09 18:13:10,675 - INFO - 
π’Ύ μ¤‘κ°„ μ €μ¥ (Trial 10)
2025-11-09 18:13:10,698 - INFO - Trial 11: cuda:3 μ‚¬μ©
2025-11-09 18:13:19,882 - INFO - Trial 12: cuda:0 μ‚¬μ©
2025-11-09 18:13:33,885 - INFO - Trial 13: cuda:1 μ‚¬μ©
2025-11-09 18:13:54,508 - INFO - Trial 14: cuda:2 μ‚¬μ©
2025-11-09 18:14:20,035 - INFO - Trial 15: cuda:3 μ‚¬μ©
2025-11-09 18:15:27,060 - INFO - Trial 16: cuda:0 μ‚¬μ©
2025-11-09 18:15:30,665 - INFO - Trial 17: cuda:1 μ‚¬μ©
2025-11-09 18:15:57,656 - INFO - Trial 18: cuda:2 μ‚¬μ©
2025-11-09 18:16:03,429 - INFO - Trial 19: cuda:3 μ‚¬μ©
2025-11-09 18:16:07,321 - INFO - Trial 20: cuda:0 μ‚¬μ©
2025-11-09 18:16:13,170 - INFO - 
π’Ύ μ¤‘κ°„ μ €μ¥ (Trial 20)
2025-11-09 18:16:13,194 - INFO - Trial 21: cuda:1 μ‚¬μ©
2025-11-09 18:16:18,530 - INFO - Trial 22: cuda:2 μ‚¬μ©
2025-11-09 18:16:24,081 - INFO - Trial 23: cuda:3 μ‚¬μ©
2025-11-09 18:16:25,496 - INFO - Trial 24: cuda:0 μ‚¬μ©
2025-11-09 18:16:27,773 - INFO - Trial 25: cuda:1 μ‚¬μ©
2025-11-09 18:16:30,463 - INFO - Trial 26: cuda:2 μ‚¬μ©
2025-11-09 18:16:33,390 - INFO - Trial 27: cuda:3 μ‚¬μ©
2025-11-09 18:16:37,736 - INFO - Trial 28: cuda:0 μ‚¬μ©
2025-11-09 18:16:39,301 - INFO - Trial 29: cuda:1 μ‚¬μ©
2025-11-09 18:16:44,820 - INFO - Trial 30: cuda:2 μ‚¬μ©
2025-11-09 18:16:49,042 - INFO - 
π’Ύ μ¤‘κ°„ μ €μ¥ (Trial 30)
2025-11-09 18:16:49,066 - INFO - Trial 31: cuda:3 μ‚¬μ©
2025-11-09 18:16:53,546 - INFO - Trial 32: cuda:0 μ‚¬μ©
2025-11-09 18:16:58,320 - INFO - Trial 33: cuda:1 μ‚¬μ©
2025-11-09 18:17:02,227 - INFO - Trial 34: cuda:2 μ‚¬μ©
2025-11-09 18:17:13,856 - INFO - Trial 35: cuda:3 μ‚¬μ©
2025-11-09 18:17:18,567 - INFO - Trial 36: cuda:0 μ‚¬μ©
2025-11-09 18:17:20,948 - INFO - Trial 37: cuda:1 μ‚¬μ©
2025-11-09 18:17:28,458 - INFO - Trial 38: cuda:2 μ‚¬μ©
2025-11-09 18:17:37,201 - INFO - Trial 39: cuda:3 μ‚¬μ©
2025-11-09 18:17:40,665 - INFO - Trial 40: cuda:0 μ‚¬μ©
2025-11-09 18:17:44,087 - INFO - 
π’Ύ μ¤‘κ°„ μ €μ¥ (Trial 40)
2025-11-09 18:17:44,111 - INFO - Trial 41: cuda:1 μ‚¬μ©
2025-11-09 18:17:48,292 - INFO - Trial 42: cuda:2 μ‚¬μ©
2025-11-09 18:17:53,881 - INFO - Trial 43: cuda:3 μ‚¬μ©
2025-11-09 18:17:58,849 - INFO - Trial 44: cuda:0 μ‚¬μ©
2025-11-09 18:18:08,046 - INFO - Trial 45: cuda:1 μ‚¬μ©
2025-11-09 18:18:11,341 - INFO - Trial 46: cuda:2 μ‚¬μ©
2025-11-09 18:18:17,191 - INFO - Trial 47: cuda:3 μ‚¬μ©
2025-11-09 18:18:19,691 - INFO - Trial 48: cuda:0 μ‚¬μ©
2025-11-09 18:18:24,521 - INFO - Trial 49: cuda:1 μ‚¬μ©
2025-11-09 18:18:28,903 - INFO - Trial 50: cuda:2 μ‚¬μ©
2025-11-09 18:18:33,205 - INFO - 
π’Ύ μ¤‘κ°„ μ €μ¥ (Trial 50)
2025-11-09 18:18:33,230 - INFO - Trial 51: cuda:3 μ‚¬μ©
2025-11-09 18:18:37,728 - INFO - Trial 52: cuda:0 μ‚¬μ©
2025-11-09 18:18:40,490 - INFO - Trial 53: cuda:1 μ‚¬μ©
2025-11-09 18:18:45,061 - INFO - Trial 54: cuda:2 μ‚¬μ©
2025-11-09 18:18:51,269 - INFO - Trial 55: cuda:3 μ‚¬μ©
2025-11-09 18:18:54,848 - INFO - Trial 56: cuda:0 μ‚¬μ©
2025-11-09 18:19:02,048 - INFO - Trial 57: cuda:1 μ‚¬μ©
2025-11-09 18:19:11,043 - INFO - Trial 58: cuda:2 μ‚¬μ©
2025-11-09 18:19:20,588 - INFO - Trial 59: cuda:3 μ‚¬μ©
2025-11-09 18:19:26,224 - INFO - Trial 60: cuda:0 μ‚¬μ©
2025-11-09 18:19:29,006 - INFO - 
π’Ύ μ¤‘κ°„ μ €μ¥ (Trial 60)
2025-11-09 18:19:29,032 - INFO - Trial 61: cuda:1 μ‚¬μ©
2025-11-09 18:19:33,092 - INFO - Trial 62: cuda:2 μ‚¬μ©
2025-11-09 18:19:37,106 - INFO - Trial 63: cuda:3 μ‚¬μ©
2025-11-09 18:19:42,383 - INFO - Trial 64: cuda:0 μ‚¬μ©
2025-11-09 18:19:46,704 - INFO - Trial 65: cuda:1 μ‚¬μ©
2025-11-09 18:19:52,313 - INFO - Trial 66: cuda:2 μ‚¬μ©
2025-11-09 18:19:55,068 - INFO - Trial 67: cuda:3 μ‚¬μ©
2025-11-09 18:19:57,196 - INFO - Trial 68: cuda:0 μ‚¬μ©
2025-11-09 18:20:00,266 - INFO - Trial 69: cuda:1 μ‚¬μ©
2025-11-09 18:20:03,615 - INFO - Trial 70: cuda:2 μ‚¬μ©
2025-11-09 18:20:06,302 - INFO - 
π’Ύ μ¤‘κ°„ μ €μ¥ (Trial 70)
2025-11-09 18:20:06,329 - INFO - Trial 71: cuda:3 μ‚¬μ©
2025-11-09 18:20:18,618 - INFO - Trial 72: cuda:0 μ‚¬μ©
2025-11-09 18:20:25,538 - INFO - Trial 73: cuda:1 μ‚¬μ©
2025-11-09 18:20:27,185 - INFO - Trial 74: cuda:2 μ‚¬μ©
2025-11-09 18:20:30,669 - INFO - Trial 75: cuda:3 μ‚¬μ©
2025-11-09 18:20:32,910 - INFO - Trial 76: cuda:0 μ‚¬μ©
2025-11-09 18:20:34,288 - INFO - Trial 77: cuda:1 μ‚¬μ©
2025-11-09 18:20:35,967 - INFO - Trial 78: cuda:2 μ‚¬μ©
2025-11-09 18:20:41,198 - INFO - Trial 79: cuda:3 μ‚¬μ©
2025-11-09 18:20:43,937 - INFO - Trial 80: cuda:0 μ‚¬μ©
2025-11-09 18:20:49,083 - INFO - 
π’Ύ μ¤‘κ°„ μ €μ¥ (Trial 80)
2025-11-09 18:20:49,110 - INFO - Trial 81: cuda:1 μ‚¬μ©
2025-11-09 18:20:58,043 - INFO - Trial 82: cuda:2 μ‚¬μ©
2025-11-09 18:21:00,734 - INFO - Trial 83: cuda:3 μ‚¬μ©
2025-11-09 18:21:03,760 - INFO - Trial 84: cuda:0 μ‚¬μ©
2025-11-09 18:21:09,917 - INFO - Trial 85: cuda:1 μ‚¬μ©
2025-11-09 18:21:12,004 - INFO - Trial 86: cuda:2 μ‚¬μ©
2025-11-09 18:21:14,299 - INFO - Trial 87: cuda:3 μ‚¬μ©
2025-11-09 18:21:18,213 - INFO - Trial 88: cuda:0 μ‚¬μ©
2025-11-09 18:21:22,906 - INFO - Trial 89: cuda:1 μ‚¬μ©
2025-11-09 18:21:26,526 - INFO - Trial 90: cuda:2 μ‚¬μ©
2025-11-09 18:21:33,300 - INFO - 
π’Ύ μ¤‘κ°„ μ €μ¥ (Trial 90)
2025-11-09 18:21:33,329 - INFO - Trial 91: cuda:3 μ‚¬μ©
2025-11-09 18:21:40,559 - INFO - Trial 92: cuda:0 μ‚¬μ©
2025-11-09 18:21:42,386 - INFO - Trial 93: cuda:1 μ‚¬μ©
2025-11-09 18:21:44,898 - INFO - Trial 94: cuda:2 μ‚¬μ©
2025-11-09 18:21:47,714 - INFO - Trial 95: cuda:3 μ‚¬μ©
2025-11-09 18:21:53,828 - INFO - Trial 96: cuda:0 μ‚¬μ©
2025-11-09 18:21:55,264 - INFO - Trial 97: cuda:1 μ‚¬μ©
2025-11-09 18:21:59,647 - INFO - Trial 98: cuda:2 μ‚¬μ©
2025-11-09 18:22:07,411 - INFO - Trial 99: cuda:3 μ‚¬μ©
2025-11-09 18:22:09,143 - INFO - Trial 100: cuda:0 μ‚¬μ©
2025-11-09 18:22:15,077 - INFO - 
π’Ύ μ¤‘κ°„ μ €μ¥ (Trial 100)
2025-11-09 18:22:15,105 - INFO - Trial 101: cuda:1 μ‚¬μ©
2025-11-09 18:22:19,223 - INFO - Trial 102: cuda:2 μ‚¬μ©
2025-11-09 18:22:30,472 - INFO - Trial 103: cuda:3 μ‚¬μ©
2025-11-09 18:22:33,260 - INFO - Trial 104: cuda:0 μ‚¬μ©
2025-11-09 18:22:38,536 - INFO - Trial 105: cuda:1 μ‚¬μ©
2025-11-09 18:22:41,554 - INFO - Trial 106: cuda:2 μ‚¬μ©
2025-11-09 18:22:46,912 - INFO - Trial 107: cuda:3 μ‚¬μ©
2025-11-09 18:22:49,937 - INFO - Trial 108: cuda:0 μ‚¬μ©
2025-11-09 18:22:54,105 - INFO - Trial 109: cuda:1 μ‚¬μ©
2025-11-09 18:22:58,097 - INFO - Trial 110: cuda:2 μ‚¬μ©
2025-11-09 18:23:02,432 - INFO - 
π’Ύ μ¤‘κ°„ μ €μ¥ (Trial 110)
2025-11-09 18:23:02,462 - INFO - Trial 111: cuda:3 μ‚¬μ©
2025-11-09 18:23:07,495 - INFO - Trial 112: cuda:0 μ‚¬μ©
2025-11-09 18:23:09,837 - INFO - Trial 113: cuda:1 μ‚¬μ©
2025-11-09 18:23:12,881 - INFO - Trial 114: cuda:2 μ‚¬μ©
2025-11-09 18:23:18,742 - INFO - Trial 115: cuda:3 μ‚¬μ©
2025-11-09 18:23:22,116 - INFO - Trial 116: cuda:0 μ‚¬μ©
2025-11-09 18:23:26,453 - INFO - Trial 117: cuda:1 μ‚¬μ©
2025-11-09 18:23:29,006 - INFO - Trial 118: cuda:2 μ‚¬μ©
2025-11-09 18:23:31,483 - INFO - Trial 119: cuda:3 μ‚¬μ©
2025-11-09 18:23:37,289 - INFO - Trial 120: cuda:0 μ‚¬μ©
2025-11-09 18:23:39,312 - INFO - 
π’Ύ μ¤‘κ°„ μ €μ¥ (Trial 120)
2025-11-09 18:23:39,342 - INFO - Trial 121: cuda:1 μ‚¬μ©
2025-11-09 18:23:44,693 - INFO - Trial 122: cuda:2 μ‚¬μ©
2025-11-09 18:23:50,650 - INFO - Trial 123: cuda:3 μ‚¬μ©
2025-11-09 18:23:54,318 - INFO - Trial 124: cuda:0 μ‚¬μ©
2025-11-09 18:23:58,645 - INFO - Trial 125: cuda:1 μ‚¬μ©
2025-11-09 18:24:07,251 - INFO - Trial 126: cuda:2 μ‚¬μ©
2025-11-09 18:24:10,353 - INFO - Trial 127: cuda:3 μ‚¬μ©
2025-11-09 18:24:14,514 - INFO - Trial 128: cuda:0 μ‚¬μ©
2025-11-09 18:24:20,009 - INFO - Trial 129: cuda:1 μ‚¬μ©
2025-11-09 18:24:26,087 - INFO - Trial 130: cuda:2 μ‚¬μ©
2025-11-09 18:24:29,120 - INFO - 
π’Ύ μ¤‘κ°„ μ €μ¥ (Trial 130)
2025-11-09 18:24:29,150 - INFO - Trial 131: cuda:3 μ‚¬μ©
2025-11-09 18:24:32,956 - INFO - Trial 132: cuda:0 μ‚¬μ©
2025-11-09 18:24:38,012 - INFO - Trial 133: cuda:1 μ‚¬μ©
2025-11-09 18:24:44,515 - INFO - Trial 134: cuda:2 μ‚¬μ©
2025-11-09 18:24:46,959 - INFO - Trial 135: cuda:3 μ‚¬μ©
2025-11-09 18:24:50,718 - INFO - Trial 136: cuda:0 μ‚¬μ©
2025-11-09 18:24:53,730 - INFO - Trial 137: cuda:1 μ‚¬μ©
2025-11-09 18:25:04,721 - INFO - Trial 138: cuda:2 μ‚¬μ©
2025-11-09 18:25:11,055 - INFO - Trial 139: cuda:3 μ‚¬μ©
2025-11-09 18:25:15,303 - INFO - Trial 140: cuda:0 μ‚¬μ©
2025-11-09 18:25:17,483 - INFO - 
π’Ύ μ¤‘κ°„ μ €μ¥ (Trial 140)
2025-11-09 18:25:17,513 - INFO - Trial 141: cuda:1 μ‚¬μ©
2025-11-09 18:25:21,957 - INFO - Trial 142: cuda:2 μ‚¬μ©
2025-11-09 18:25:30,093 - INFO - Trial 143: cuda:3 μ‚¬μ©
2025-11-09 18:25:34,089 - INFO - Trial 144: cuda:0 μ‚¬μ©
2025-11-09 18:25:38,356 - INFO - Trial 145: cuda:1 μ‚¬μ©
2025-11-09 18:25:42,426 - INFO - Trial 146: cuda:2 μ‚¬μ©
2025-11-09 18:25:49,128 - INFO - Trial 147: cuda:3 μ‚¬μ©
2025-11-09 18:25:52,459 - INFO - Trial 148: cuda:0 μ‚¬μ©
2025-11-09 18:25:55,622 - INFO - Trial 149: cuda:1 μ‚¬μ©
2025-11-09 18:26:04,005 - INFO - Trial 150: cuda:2 μ‚¬μ©
2025-11-09 18:26:11,134 - INFO - 
π’Ύ μ¤‘κ°„ μ €μ¥ (Trial 150)
2025-11-09 18:26:11,166 - INFO - Trial 151: cuda:3 μ‚¬μ©
2025-11-09 18:26:16,228 - INFO - Trial 152: cuda:0 μ‚¬μ©
2025-11-09 18:26:20,323 - INFO - Trial 153: cuda:1 μ‚¬μ©
2025-11-09 18:26:24,419 - INFO - Trial 154: cuda:2 μ‚¬μ©
2025-11-09 18:26:31,082 - INFO - Trial 155: cuda:3 μ‚¬μ©
2025-11-09 18:26:36,420 - INFO - Trial 156: cuda:0 μ‚¬μ©
2025-11-09 18:26:38,874 - INFO - Trial 157: cuda:1 μ‚¬μ©
2025-11-09 18:26:54,688 - INFO - Trial 158: cuda:2 μ‚¬μ©
2025-11-09 18:27:02,812 - INFO - Trial 159: cuda:3 μ‚¬μ©
2025-11-09 18:27:16,850 - INFO - Trial 160: cuda:0 μ‚¬μ©
2025-11-09 18:27:22,085 - INFO - 
π’Ύ μ¤‘κ°„ μ €μ¥ (Trial 160)
2025-11-09 18:27:22,119 - INFO - Trial 161: cuda:1 μ‚¬μ©
2025-11-09 18:27:26,510 - INFO - Trial 162: cuda:2 μ‚¬μ©
2025-11-09 18:27:31,415 - INFO - Trial 163: cuda:3 μ‚¬μ©
2025-11-09 18:27:35,062 - INFO - Trial 164: cuda:0 μ‚¬μ©
2025-11-09 18:27:36,765 - INFO - Trial 165: cuda:1 μ‚¬μ©
2025-11-09 18:27:43,266 - INFO - Trial 166: cuda:2 μ‚¬μ©
2025-11-09 18:27:49,519 - INFO - Trial 167: cuda:3 μ‚¬μ©
2025-11-09 18:27:56,604 - INFO - Trial 168: cuda:0 μ‚¬μ©
2025-11-09 18:28:01,317 - INFO - Trial 169: cuda:1 μ‚¬μ©
2025-11-09 18:28:08,303 - INFO - Trial 170: cuda:2 μ‚¬μ©
2025-11-09 18:28:11,761 - INFO - 
π’Ύ μ¤‘κ°„ μ €μ¥ (Trial 170)
2025-11-09 18:28:11,794 - INFO - Trial 171: cuda:3 μ‚¬μ©
2025-11-09 18:28:16,095 - INFO - Trial 172: cuda:0 μ‚¬μ©
2025-11-09 18:28:21,820 - INFO - Trial 173: cuda:1 μ‚¬μ©
2025-11-09 18:28:25,926 - INFO - Trial 174: cuda:2 μ‚¬μ©
2025-11-09 18:28:27,938 - INFO - Trial 175: cuda:3 μ‚¬μ©
2025-11-09 18:28:29,846 - INFO - Trial 176: cuda:0 μ‚¬μ©
2025-11-09 18:28:32,423 - INFO - Trial 177: cuda:1 μ‚¬μ©
2025-11-09 18:28:34,767 - INFO - Trial 178: cuda:2 μ‚¬μ©
2025-11-09 18:28:38,539 - INFO - Trial 179: cuda:3 μ‚¬μ©
2025-11-09 18:28:40,933 - INFO - Trial 180: cuda:0 μ‚¬μ©
2025-11-09 18:28:46,598 - INFO - 
π’Ύ μ¤‘κ°„ μ €μ¥ (Trial 180)
2025-11-09 18:28:46,632 - INFO - Trial 181: cuda:1 μ‚¬μ©
2025-11-09 18:28:49,670 - INFO - Trial 182: cuda:2 μ‚¬μ©
2025-11-09 18:28:52,837 - INFO - Trial 183: cuda:3 μ‚¬μ©
2025-11-09 18:29:01,779 - INFO - Trial 184: cuda:0 μ‚¬μ©
2025-11-09 18:29:06,688 - INFO - Trial 185: cuda:1 μ‚¬μ©
2025-11-09 18:29:09,769 - INFO - Trial 186: cuda:2 μ‚¬μ©
2025-11-09 18:29:19,460 - INFO - Trial 187: cuda:3 μ‚¬μ©
2025-11-09 18:29:26,883 - INFO - Trial 188: cuda:0 μ‚¬μ©
2025-11-09 18:29:32,204 - INFO - Trial 189: cuda:1 μ‚¬μ©
2025-11-09 18:29:37,960 - INFO - Trial 190: cuda:2 μ‚¬μ©
2025-11-09 18:29:42,551 - INFO - 
π’Ύ μ¤‘κ°„ μ €μ¥ (Trial 190)
2025-11-09 18:29:42,671 - INFO - Trial 191: cuda:3 μ‚¬μ©
2025-11-09 18:29:44,576 - INFO - Trial 192: cuda:0 μ‚¬μ©
2025-11-09 18:29:46,350 - INFO - Trial 193: cuda:1 μ‚¬μ©
2025-11-09 18:29:52,528 - INFO - Trial 194: cuda:2 μ‚¬μ©
2025-11-09 18:29:58,084 - INFO - Trial 195: cuda:3 μ‚¬μ©
2025-11-09 18:30:09,631 - INFO - Trial 196: cuda:0 μ‚¬μ©
2025-11-09 18:30:13,717 - INFO - Trial 197: cuda:1 μ‚¬μ©
2025-11-09 18:30:20,909 - INFO - Trial 198: cuda:2 μ‚¬μ©
2025-11-09 18:30:27,778 - INFO - Trial 199: cuda:3 μ‚¬μ©
2025-11-09 18:30:30,794 - INFO - Trial 200: cuda:0 μ‚¬μ©
2025-11-09 18:30:33,324 - INFO - 
π’Ύ μ¤‘κ°„ μ €μ¥ (Trial 200)
2025-11-09 18:30:33,358 - INFO - Trial 201: cuda:1 μ‚¬μ©
2025-11-09 18:30:38,863 - INFO - Trial 202: cuda:2 μ‚¬μ©
2025-11-09 18:30:42,025 - INFO - Trial 203: cuda:3 μ‚¬μ©
2025-11-09 18:30:46,903 - INFO - Trial 204: cuda:0 μ‚¬μ©
2025-11-09 18:30:50,685 - INFO - Trial 205: cuda:1 μ‚¬μ©
2025-11-09 18:30:52,328 - INFO - Trial 206: cuda:2 μ‚¬μ©
2025-11-09 18:30:56,345 - INFO - Trial 207: cuda:3 μ‚¬μ©
2025-11-09 18:31:00,332 - INFO - Trial 208: cuda:0 μ‚¬μ©
2025-11-09 18:31:02,199 - INFO - Trial 209: cuda:1 μ‚¬μ©
2025-11-09 18:31:05,856 - INFO - Trial 210: cuda:2 μ‚¬μ©
2025-11-09 18:31:08,540 - INFO - 
π’Ύ μ¤‘κ°„ μ €μ¥ (Trial 210)
2025-11-09 18:31:08,577 - INFO - Trial 211: cuda:3 μ‚¬μ©
2025-11-09 18:31:13,272 - INFO - Trial 212: cuda:0 μ‚¬μ©
2025-11-09 18:31:17,547 - INFO - Trial 213: cuda:1 μ‚¬μ©
2025-11-09 18:31:19,278 - INFO - Trial 214: cuda:2 μ‚¬μ©
2025-11-09 18:31:23,089 - INFO - Trial 215: cuda:3 μ‚¬μ©
2025-11-09 18:31:28,429 - INFO - Trial 216: cuda:0 μ‚¬μ©
2025-11-09 18:31:37,876 - INFO - Trial 217: cuda:1 μ‚¬μ©
2025-11-09 18:31:41,153 - INFO - Trial 218: cuda:2 μ‚¬μ©
2025-11-09 18:31:44,014 - INFO - Trial 219: cuda:3 μ‚¬μ©
2025-11-09 18:31:52,529 - INFO - Trial 220: cuda:0 μ‚¬μ©
2025-11-09 18:31:57,738 - INFO - 
π’Ύ μ¤‘κ°„ μ €μ¥ (Trial 220)
2025-11-09 18:31:57,774 - INFO - Trial 221: cuda:1 μ‚¬μ©
2025-11-09 18:32:00,862 - INFO - Trial 222: cuda:2 μ‚¬μ©
2025-11-09 18:32:06,446 - INFO - Trial 223: cuda:3 μ‚¬μ©
2025-11-09 18:32:08,667 - INFO - Trial 224: cuda:0 μ‚¬μ©
2025-11-09 18:32:11,503 - INFO - Trial 225: cuda:1 μ‚¬μ©
2025-11-09 18:32:14,289 - INFO - Trial 226: cuda:2 μ‚¬μ©
2025-11-09 18:32:17,778 - INFO - Trial 227: cuda:3 μ‚¬μ©
2025-11-09 18:32:20,241 - INFO - Trial 228: cuda:0 μ‚¬μ©
2025-11-09 18:32:31,103 - INFO - Trial 229: cuda:1 μ‚¬μ©
2025-11-09 18:32:35,127 - INFO - Trial 230: cuda:2 μ‚¬μ©
2025-11-09 18:32:38,895 - INFO - 
π’Ύ μ¤‘κ°„ μ €μ¥ (Trial 230)
2025-11-09 18:32:38,932 - INFO - Trial 231: cuda:3 μ‚¬μ©
2025-11-09 18:32:42,911 - INFO - Trial 232: cuda:0 μ‚¬μ©
2025-11-09 18:32:46,456 - INFO - Trial 233: cuda:1 μ‚¬μ©
2025-11-09 18:32:50,612 - INFO - Trial 234: cuda:2 μ‚¬μ©
2025-11-09 18:32:53,678 - INFO - Trial 235: cuda:3 μ‚¬μ©
2025-11-09 18:32:58,394 - INFO - Trial 236: cuda:0 μ‚¬μ©
2025-11-09 18:33:03,195 - INFO - Trial 237: cuda:1 μ‚¬μ©
2025-11-09 18:33:08,616 - INFO - Trial 238: cuda:2 μ‚¬μ©
2025-11-09 18:33:15,020 - INFO - Trial 239: cuda:3 μ‚¬μ©
2025-11-09 18:33:18,526 - INFO - Trial 240: cuda:0 μ‚¬μ©
2025-11-09 18:33:22,318 - INFO - 
π’Ύ μ¤‘κ°„ μ €μ¥ (Trial 240)
2025-11-09 18:33:22,357 - INFO - Trial 241: cuda:1 μ‚¬μ©
2025-11-09 18:33:27,705 - INFO - Trial 242: cuda:2 μ‚¬μ©
2025-11-09 18:33:35,851 - INFO - Trial 243: cuda:3 μ‚¬μ©
2025-11-09 18:33:41,698 - INFO - Trial 244: cuda:0 μ‚¬μ©
2025-11-09 18:33:44,707 - INFO - Trial 245: cuda:1 μ‚¬μ©
2025-11-09 18:33:46,501 - INFO - Trial 246: cuda:2 μ‚¬μ©
2025-11-09 18:33:49,251 - INFO - Trial 247: cuda:3 μ‚¬μ©
2025-11-09 18:33:59,194 - INFO - Trial 248: cuda:0 μ‚¬μ©
2025-11-09 18:34:05,726 - INFO - Trial 249: cuda:1 μ‚¬μ©
2025-11-09 18:34:08,778 - INFO - Trial 250: cuda:2 μ‚¬μ©
2025-11-09 18:34:27,016 - INFO - 
π’Ύ μ¤‘κ°„ μ €μ¥ (Trial 250)
2025-11-09 18:34:27,054 - INFO - Trial 251: cuda:3 μ‚¬μ©
2025-11-09 18:34:34,291 - INFO - Trial 252: cuda:0 μ‚¬μ©
2025-11-09 18:34:36,487 - INFO - Trial 253: cuda:1 μ‚¬μ©
2025-11-09 18:34:42,045 - INFO - Trial 254: cuda:2 μ‚¬μ©
2025-11-09 18:34:45,267 - INFO - Trial 255: cuda:3 μ‚¬μ©
2025-11-09 18:34:49,376 - INFO - Trial 256: cuda:0 μ‚¬μ©
2025-11-09 18:34:56,109 - INFO - Trial 257: cuda:1 μ‚¬μ©
2025-11-09 18:34:59,074 - INFO - Trial 258: cuda:2 μ‚¬μ©
2025-11-09 18:35:03,762 - INFO - Trial 259: cuda:3 μ‚¬μ©
2025-11-09 18:35:08,770 - INFO - Trial 260: cuda:0 μ‚¬μ©
2025-11-09 18:35:13,701 - INFO - 
π’Ύ μ¤‘κ°„ μ €μ¥ (Trial 260)
2025-11-09 18:35:13,740 - INFO - Trial 261: cuda:1 μ‚¬μ©
2025-11-09 18:35:17,422 - INFO - Trial 262: cuda:2 μ‚¬μ©
2025-11-09 18:35:19,963 - INFO - Trial 263: cuda:3 μ‚¬μ©
2025-11-09 18:35:23,494 - INFO - Trial 264: cuda:0 μ‚¬μ©
2025-11-09 18:35:28,621 - INFO - Trial 265: cuda:1 μ‚¬μ©
2025-11-09 18:35:30,592 - INFO - Trial 266: cuda:2 μ‚¬μ©
2025-11-09 18:35:34,389 - INFO - Trial 267: cuda:3 μ‚¬μ©
2025-11-09 18:35:38,445 - INFO - Trial 268: cuda:0 μ‚¬μ©
2025-11-09 18:35:46,682 - INFO - Trial 269: cuda:1 μ‚¬μ©
2025-11-09 18:36:08,764 - INFO - Trial 270: cuda:2 μ‚¬μ©
2025-11-09 18:36:12,418 - INFO - 
π’Ύ μ¤‘κ°„ μ €μ¥ (Trial 270)
2025-11-09 18:36:12,459 - INFO - Trial 271: cuda:3 μ‚¬μ©
2025-11-09 18:36:17,154 - INFO - Trial 272: cuda:0 μ‚¬μ©
2025-11-09 18:36:21,405 - INFO - Trial 273: cuda:1 μ‚¬μ©
2025-11-09 18:36:26,541 - INFO - Trial 274: cuda:2 μ‚¬μ©
2025-11-09 18:36:32,153 - INFO - Trial 275: cuda:3 μ‚¬μ©
2025-11-09 18:36:37,359 - INFO - Trial 276: cuda:0 μ‚¬μ©
2025-11-09 18:36:40,671 - INFO - Trial 277: cuda:1 μ‚¬μ©
2025-11-09 18:36:45,339 - INFO - Trial 278: cuda:2 μ‚¬μ©
2025-11-09 18:36:58,887 - INFO - Trial 279: cuda:3 μ‚¬μ©
2025-11-09 18:37:01,396 - INFO - Trial 280: cuda:0 μ‚¬μ©
2025-11-09 18:37:10,702 - INFO - 
π’Ύ μ¤‘κ°„ μ €μ¥ (Trial 280)
2025-11-09 18:37:10,742 - INFO - Trial 281: cuda:1 μ‚¬μ©
2025-11-09 18:37:14,413 - INFO - Trial 282: cuda:2 μ‚¬μ©
2025-11-09 18:37:17,014 - INFO - Trial 283: cuda:3 μ‚¬μ©
2025-11-09 18:37:20,851 - INFO - Trial 284: cuda:0 μ‚¬μ©
2025-11-09 18:37:25,499 - INFO - Trial 285: cuda:1 μ‚¬μ©
2025-11-09 18:37:38,110 - INFO - Trial 286: cuda:2 μ‚¬μ©
2025-11-09 18:38:15,921 - INFO - Trial 287: cuda:3 μ‚¬μ©
2025-11-09 18:38:49,950 - INFO - Trial 288: cuda:0 μ‚¬μ©
2025-11-09 18:38:53,483 - INFO - Trial 289: cuda:1 μ‚¬μ©
2025-11-09 18:39:01,016 - INFO - Trial 290: cuda:2 μ‚¬μ©
2025-11-09 18:39:05,068 - INFO - 
π’Ύ μ¤‘κ°„ μ €μ¥ (Trial 290)
2025-11-09 18:39:05,107 - INFO - Trial 291: cuda:3 μ‚¬μ©
2025-11-09 18:39:24,336 - INFO - Trial 292: cuda:0 μ‚¬μ©
2025-11-09 18:39:30,738 - INFO - Trial 293: cuda:1 μ‚¬μ©
2025-11-09 18:39:35,472 - INFO - Trial 294: cuda:2 μ‚¬μ©
2025-11-09 18:39:40,130 - INFO - Trial 295: cuda:3 μ‚¬μ©
2025-11-09 18:39:44,645 - INFO - Trial 296: cuda:0 μ‚¬μ©
2025-11-09 18:39:51,401 - INFO - Trial 297: cuda:1 μ‚¬μ©
2025-11-09 18:39:52,828 - INFO - Trial 298: cuda:2 μ‚¬μ©
2025-11-09 18:39:56,762 - INFO - Trial 299: cuda:3 μ‚¬μ©
2025-11-09 18:40:11,488 - INFO - 
============================================================
2025-11-09 18:40:11,488 - INFO - β… μµμ ν™” μ™„λ£!
2025-11-09 18:40:11,489 - INFO - ============================================================
2025-11-09 18:40:11,489 - INFO - 
π“ νƒμƒ‰ ν†µκ³„:
2025-11-09 18:40:11,513 - INFO -   μ΄ μ‹λ„: 300
2025-11-09 18:40:11,533 - INFO -   μ™„λ£: 300
2025-11-09 18:40:11,552 - INFO -   κ°€μ§€μΉκΈ°: 0
2025-11-09 18:40:11,572 - INFO -   μ‹¤ν¨: 0
2025-11-09 18:40:11,572 - INFO - 
π† μµμ  νλΌλ―Έν„°:
2025-11-09 18:40:11,575 - INFO -   max_depth           : 6
2025-11-09 18:40:11,575 - INFO -   min_child_weight    : 1
2025-11-09 18:40:11,576 - INFO -   gamma               : 0.453458914589975
2025-11-09 18:40:11,576 - INFO -   learning_rate       : 0.012553339837564896
2025-11-09 18:40:11,576 - INFO -   n_estimators        : 700
2025-11-09 18:40:11,576 - INFO -   subsample           : 0.7355338067327305
2025-11-09 18:40:11,576 - INFO -   colsample_bytree    : 0.7034313414602196
2025-11-09 18:40:11,577 - INFO -   colsample_bylevel   : 0.7458663631547733
2025-11-09 18:40:11,577 - INFO -   reg_alpha           : 1.860558334997215e-07
2025-11-09 18:40:11,577 - INFO -   reg_lambda          : 1.075105262343795e-08
2025-11-09 18:40:11,580 - INFO - 
π― μµμ  CV MSE: 2042.376398
2025-11-09 18:40:11,608 - INFO - 
π’Ύ μ €μ¥: best_params_20251109_181019.json
2025-11-09 18:40:11,620 - INFO - π’Ύ μ €μ¥: all_trials_20251109_181019.csv
2025-11-09 18:40:11,621 - INFO - 
============================================================
2025-11-09 18:40:11,621 - INFO - π”§ μµμΆ… λ¨λΈ ν•™μµ μ¤‘...
2025-11-09 18:40:11,621 - INFO - ============================================================
2025-11-09 18:40:12,869 - INFO - 
============================================================
2025-11-09 18:40:12,870 - INFO - π“ ν…μ¤νΈ μ„ΈνΈ ν‰κ°€
2025-11-09 18:40:12,870 - INFO - ============================================================
2025-11-09 18:40:12,922 - INFO - 
π“ ν›λ ¨ μ„ΈνΈ:
2025-11-09 18:40:12,923 - INFO -   MSE  : 1665.843445
2025-11-09 18:40:12,923 - INFO -   RMSE : 40.814745
2025-11-09 18:40:12,923 - INFO -   MAE  : 29.542948
2025-11-09 18:40:12,924 - INFO -   RΒ²   : 0.331009
2025-11-09 18:40:12,924 - INFO - 
π― ν…μ¤νΈ μ„ΈνΈ:
2025-11-09 18:40:12,924 - INFO -   MSE  : 2195.620966
2025-11-09 18:40:12,924 - INFO -   RMSE : 46.857454
2025-11-09 18:40:12,925 - INFO -   MAE  : 33.202653
2025-11-09 18:40:12,925 - INFO -   RΒ²   : 0.188727
2025-11-09 18:40:12,925 - INFO - 
β οΈ  κ³Όμ ν•© μ§€ν‘: -31.80%
2025-11-09 18:40:12,925 - WARNING -   β†’ κ³Όμ†μ ν•© μμ‹¬! λ¨λΈ λ³µμ΅λ„ μ¦κ°€ κ³ λ ¤
2025-11-09 18:40:12,952 - INFO - 
π’Ύ μ €μ¥: test_results_20251109_181019.json
2025-11-09 18:40:12,975 - INFO - π’Ύ μ €μ¥: test_predictions_20251109_181019.csv
2025-11-09 18:40:12,977 - INFO - π’Ύ μ €μ¥: feature_importance_20251109_181019.csv
2025-11-09 18:40:12,977 - INFO - 
π” Top 10 μ¤‘μ” Features:
2025-11-09 18:40:12,978 - INFO -   λ†ν›„μ‚¬λ£κΈ‰μ—¬λ‰(μ—°κ³„)         : 0.5200
2025-11-09 18:40:12,978 - INFO -   κ³µνƒμΌμ                : 0.1078
2025-11-09 18:40:12,978 - INFO -   μ „μ‚°μ°¨κ±΄μ μ „μ λ‰            : 0.0873
2025-11-09 18:40:12,979 - INFO -   κ³„μ                   : 0.0861
2025-11-09 18:40:12,979 - INFO -   λ¶„λ§κ°„κ²©                : 0.0845
2025-11-09 18:40:12,979 - INFO -   λ†μ¥κµ¬λ¶„                : 0.0596
2025-11-09 18:40:12,979 - INFO -   μ‚°μ°¨                  : 0.0547
2025-11-09 18:40:12,992 - INFO - 
π’Ύ μ €μ¥: xgboost_final_model_20251109_181019.pkl
2025-11-09 18:40:12,993 - INFO - 
============================================================
2025-11-09 18:40:12,993 - INFO - π“ μ‹κ°ν™” μƒμ„± μ¤‘...
2025-11-09 18:40:12,994 - INFO - ============================================================
2025-11-09 18:40:13,154 - INFO - β… optuna_optimization_history_20251109_181019.html
2025-11-09 18:40:15,298 - INFO - β… optuna_param_importances_20251109_181019.html
2025-11-09 18:40:15,414 - INFO - β… optuna_contour_20251109_181019.html
2025-11-09 18:40:15,438 - INFO - β… optuna_parallel_coordinate_20251109_181019.html
2025-11-09 18:40:15,511 - INFO - β… optuna_slice_20251109_181019.html
2025-11-09 18:40:15,550 - INFO - 
π’Ύ μ €μ¥: final_report_20251109_181019.txt
2025-11-09 18:40:15,551 - INFO - 
============================================================
XGBoost + Optuna μµμ ν™” μµμΆ… λ¦¬ν¬νΈ
============================================================

π“… μ‹¤ν–‰ μ‹κ°„: 20251109_181019
π“ μ €μ¥ μ„μΉ: /home/dataiku/eric/Sparta/Smart-Farm-Growth-Analytics/models

π® GPU μ„¤μ •:
  - μ‚¬μ© GPU: [0, 1, 2, 3]
  - GPU κ°μ: 4

π” μµμ ν™” μ„¤μ •:
  - Study μ΄λ¦„: xgboost_regression_20251109_181019
  - μ΄ Trials: 300
  - μ™„λ£λ Trials: 300

π† μµμ  νλΌλ―Έν„°:
{
  "max_depth": 6,
  "min_child_weight": 1,
  "gamma": 0.453458914589975,
  "learning_rate": 0.012553339837564896,
  "n_estimators": 700,
  "subsample": 0.7355338067327305,
  "colsample_bytree": 0.7034313414602196,
  "colsample_bylevel": 0.7458663631547733,
  "reg_alpha": 1.860558334997215e-07,
  "reg_lambda": 1.075105262343795e-08
}

π“ μ„±λ¥ μ§€ν‘:
  
  ν›λ ¨ μ„ΈνΈ:
    - MSE  : 1665.843445
    - RMSE : 40.814745
    - MAE  : 29.542948
    - RΒ²   : 0.331009
  
  ν…μ¤νΈ μ„ΈνΈ:
    - MSE  : 2195.620966
    - RMSE : 46.857454
    - MAE  : 33.202653
    - RΒ²   : 0.188727
  
  κ³Όμ ν•© λΉ„μ¨: -31.80%

π’Ύ μ €μ¥λ νμΌ:
  - best_params_20251109_181019.json
  - test_results_20251109_181019.json
  - all_trials_20251109_181019.csv
  - test_predictions_20251109_181019.csv
  - feature_importance_20251109_181019.csv
  - xgboost_final_model_20251109_181019.pkl
  - /home/dataiku/eric/Sparta/Smart-Farm-Growth-Analytics/models/optuna_xgboost_20251109_181019.db
  - optuna_xgboost_20251109_181019.log
  - optuna_optimization_history_20251109_181019.html
  - optuna_param_importances_20251109_181019.html
  - optuna_contour_20251109_181019.html
  - optuna_parallel_coordinate_20251109_181019.html
  - optuna_slice_20251109_181019.html

============================================================

2025-11-09 18:40:15,551 - INFO - 
============================================================
2025-11-09 18:40:15,552 - INFO - π‰ λ¨λ“  μ‘μ—… μ™„λ£!
2025-11-09 18:40:15,552 - INFO - π“ λ¨λ“  νμΌμ΄ /home/dataiku/eric/Sparta/Smart-Farm-Growth-Analytics/models μ— μ €μ¥λμ—μµλ‹λ‹¤
2025-11-09 18:40:15,552 - INFO - ============================================================
2025-11-09 18:44:42,974 - INFO - 
============================================================
2025-11-09 18:44:42,974 - INFO - β… μµμ ν™” μ™„λ£!
2025-11-09 18:44:42,975 - INFO - ============================================================
2025-11-09 18:44:42,975 - INFO - 
π“ νƒμƒ‰ ν†µκ³„:
2025-11-09 18:44:42,998 - INFO -   μ΄ μ‹λ„: 300
2025-11-09 18:44:43,018 - INFO -   μ™„λ£: 300
2025-11-09 18:44:43,037 - INFO -   κ°€μ§€μΉκΈ°: 0
2025-11-09 18:44:43,057 - INFO -   μ‹¤ν¨: 0
2025-11-09 18:44:43,057 - INFO - 
π† μµμ  νλΌλ―Έν„°:
2025-11-09 18:44:43,061 - INFO -   max_depth           : 6
2025-11-09 18:44:43,062 - INFO -   min_child_weight    : 1
2025-11-09 18:44:43,062 - INFO -   gamma               : 0.453458914589975
2025-11-09 18:44:43,062 - INFO -   learning_rate       : 0.012553339837564896
2025-11-09 18:44:43,062 - INFO -   n_estimators        : 700
2025-11-09 18:44:43,062 - INFO -   subsample           : 0.7355338067327305
2025-11-09 18:44:43,062 - INFO -   colsample_bytree    : 0.7034313414602196
2025-11-09 18:44:43,063 - INFO -   colsample_bylevel   : 0.7458663631547733
2025-11-09 18:44:43,063 - INFO -   reg_alpha           : 1.860558334997215e-07
2025-11-09 18:44:43,063 - INFO -   reg_lambda          : 1.075105262343795e-08
2025-11-09 18:44:43,066 - INFO - 
π― μµμ  CV MSE: 2042.376398
2025-11-09 18:44:43,095 - INFO - 
π’Ύ μ €μ¥: best_params_20251109_181019.json
2025-11-09 18:44:43,107 - INFO - π’Ύ μ €μ¥: all_trials_20251109_181019.csv
2025-11-09 18:44:43,107 - INFO - 
============================================================
2025-11-09 18:44:43,107 - INFO - π”§ μµμΆ… λ¨λΈ ν•™μµ μ¤‘...
2025-11-09 18:44:43,108 - INFO - ============================================================
2025-11-09 18:44:44,363 - INFO - 
============================================================
2025-11-09 18:44:44,363 - INFO - π“ ν…μ¤νΈ μ„ΈνΈ ν‰κ°€
2025-11-09 18:44:44,364 - INFO - ============================================================
2025-11-09 18:44:44,417 - INFO - 
π“ ν›λ ¨ μ„ΈνΈ:
2025-11-09 18:44:44,417 - INFO -   MSE  : 1665.843445
2025-11-09 18:44:44,418 - INFO -   RMSE : 40.814745
2025-11-09 18:44:44,418 - INFO -   MAE  : 29.542948
2025-11-09 18:44:44,418 - INFO -   RΒ²   : 0.331009
2025-11-09 18:44:44,418 - INFO - 
π― ν…μ¤νΈ μ„ΈνΈ:
2025-11-09 18:44:44,418 - INFO -   MSE  : 2195.620966
2025-11-09 18:44:44,419 - INFO -   RMSE : 46.857454
2025-11-09 18:44:44,419 - INFO -   MAE  : 33.202653
2025-11-09 18:44:44,419 - INFO -   RΒ²   : 0.188727
2025-11-09 18:44:44,419 - INFO - 
β οΈ  κ³Όμ ν•© μ§€ν‘: -31.80%
2025-11-09 18:44:44,419 - WARNING -   β†’ κ³Όμ†μ ν•© μμ‹¬! λ¨λΈ λ³µμ΅λ„ μ¦κ°€ κ³ λ ¤
2025-11-09 18:44:44,446 - INFO - 
π’Ύ μ €μ¥: test_results_20251109_181019.json
2025-11-09 18:44:44,469 - INFO - π’Ύ μ €μ¥: test_predictions_20251109_181019.csv
2025-11-09 18:44:44,471 - INFO - π’Ύ μ €μ¥: feature_importance_20251109_181019.csv
2025-11-09 18:44:44,471 - INFO - 
π” Top 10 μ¤‘μ” Features:
2025-11-09 18:44:44,472 - INFO -   λ†ν›„μ‚¬λ£κΈ‰μ—¬λ‰(μ—°κ³„)         : 0.5200
2025-11-09 18:44:44,472 - INFO -   κ³µνƒμΌμ                : 0.1078
2025-11-09 18:44:44,472 - INFO -   μ „μ‚°μ°¨κ±΄μ μ „μ λ‰            : 0.0873
2025-11-09 18:44:44,472 - INFO -   κ³„μ                   : 0.0861
2025-11-09 18:44:44,473 - INFO -   λ¶„λ§κ°„κ²©                : 0.0845
2025-11-09 18:44:44,473 - INFO -   λ†μ¥κµ¬λ¶„                : 0.0596
2025-11-09 18:44:44,473 - INFO -   μ‚°μ°¨                  : 0.0547
2025-11-09 18:44:44,487 - INFO - 
π’Ύ μ €μ¥: xgboost_final_model_20251109_181019.pkl
2025-11-09 18:44:44,487 - INFO - 
============================================================
2025-11-09 18:44:44,487 - INFO - π“ μ‹κ°ν™” μƒμ„± μ¤‘...
2025-11-09 18:44:44,488 - INFO - ============================================================
2025-11-09 18:44:44,521 - INFO - β… optuna_optimization_history_20251109_181019.html
2025-11-09 18:44:46,639 - INFO - β… optuna_param_importances_20251109_181019.html
2025-11-09 18:44:46,657 - INFO - β… optuna_contour_20251109_181019.html
2025-11-09 18:44:46,680 - INFO - β… optuna_parallel_coordinate_20251109_181019.html
2025-11-09 18:44:46,745 - INFO - β… optuna_slice_20251109_181019.html
2025-11-09 18:44:46,784 - INFO - 
π’Ύ μ €μ¥: final_report_20251109_181019.txt
2025-11-09 18:44:46,785 - INFO - 
============================================================
XGBoost + Optuna μµμ ν™” μµμΆ… λ¦¬ν¬νΈ
============================================================

π“… μ‹¤ν–‰ μ‹κ°„: 20251109_181019
π“ μ €μ¥ μ„μΉ: /home/dataiku/eric/Sparta/Smart-Farm-Growth-Analytics/models

π® GPU μ„¤μ •:
  - μ‚¬μ© GPU: [0, 1, 2, 3]
  - GPU κ°μ: 4

π” μµμ ν™” μ„¤μ •:
  - Study μ΄λ¦„: xgboost_regression_20251109_181019
  - μ΄ Trials: 300
  - μ™„λ£λ Trials: 300

π† μµμ  νλΌλ―Έν„°:
{
  "max_depth": 6,
  "min_child_weight": 1,
  "gamma": 0.453458914589975,
  "learning_rate": 0.012553339837564896,
  "n_estimators": 700,
  "subsample": 0.7355338067327305,
  "colsample_bytree": 0.7034313414602196,
  "colsample_bylevel": 0.7458663631547733,
  "reg_alpha": 1.860558334997215e-07,
  "reg_lambda": 1.075105262343795e-08
}

π“ μ„±λ¥ μ§€ν‘:
  
  ν›λ ¨ μ„ΈνΈ:
    - MSE  : 1665.843445
    - RMSE : 40.814745
    - MAE  : 29.542948
    - RΒ²   : 0.331009
  
  ν…μ¤νΈ μ„ΈνΈ:
    - MSE  : 2195.620966
    - RMSE : 46.857454
    - MAE  : 33.202653
    - RΒ²   : 0.188727
  
  κ³Όμ ν•© λΉ„μ¨: -31.80%

π’Ύ μ €μ¥λ νμΌ:
  - best_params_20251109_181019.json
  - test_results_20251109_181019.json
  - all_trials_20251109_181019.csv
  - test_predictions_20251109_181019.csv
  - feature_importance_20251109_181019.csv
  - xgboost_final_model_20251109_181019.pkl
  - /home/dataiku/eric/Sparta/Smart-Farm-Growth-Analytics/models/optuna_xgboost_20251109_181019.db
  - optuna_xgboost_20251109_181019.log
  - optuna_optimization_history_20251109_181019.html
  - optuna_param_importances_20251109_181019.html
  - optuna_contour_20251109_181019.html
  - optuna_parallel_coordinate_20251109_181019.html
  - optuna_slice_20251109_181019.html

============================================================

2025-11-09 18:44:46,785 - INFO - 
============================================================
2025-11-09 18:44:46,786 - INFO - π‰ λ¨λ“  μ‘μ—… μ™„λ£!
2025-11-09 18:44:46,786 - INFO - π“ λ¨λ“  νμΌμ΄ /home/dataiku/eric/Sparta/Smart-Farm-Growth-Analytics/models μ— μ €μ¥λμ—μµλ‹λ‹¤
2025-11-09 18:44:46,786 - INFO - ============================================================
